{"/Users/karansharma/Desktop/Frontend/practice/standup-tracker/server/middleware/authenticate.js": {"path":"/Users/karansharma/Desktop/Frontend/practice/standup-tracker/server/middleware/authenticate.js","statementMap":{"0":{"start":{"line":1,"column":12},"end":{"line":1,"column":35}},"1":{"start":{"line":3,"column":21},"end":{"line":17,"column":1}},"2":{"start":{"line":4,"column":16},"end":{"line":4,"column":33}},"3":{"start":{"line":6,"column":2},"end":{"line":8,"column":3}},"4":{"start":{"line":7,"column":4},"end":{"line":7,"column":64}},"5":{"start":{"line":10,"column":2},"end":{"line":16,"column":3}},"6":{"start":{"line":11,"column":20},"end":{"line":11,"column":61}},"7":{"start":{"line":12,"column":4},"end":{"line":12,"column":32}},"8":{"start":{"line":13,"column":4},"end":{"line":13,"column":11}},"9":{"start":{"line":15,"column":4},"end":{"line":15,"column":71}},"10":{"start":{"line":19,"column":0},"end":{"line":19,"column":30}}},"fnMap":{"0":{"name":"(anonymous_0)","decl":{"start":{"line":3,"column":21},"end":{"line":3,"column":22}},"loc":{"start":{"line":3,"column":41},"end":{"line":17,"column":1}},"line":3}},"branchMap":{"0":{"loc":{"start":{"line":6,"column":2},"end":{"line":8,"column":3}},"type":"if","locations":[{"start":{"line":6,"column":2},"end":{"line":8,"column":3}},{"start":{},"end":{}}],"line":6}},"s":{"0":5,"1":5,"2":23,"3":23,"4":3,"5":20,"6":20,"7":16,"8":16,"9":4,"10":5},"f":{"0":23},"b":{"0":[3,20]},"_coverageSchema":"1a1c01bbd47fc00a2c39e90264f33305004495a9","hash":"c8a4a240b78733bae22d427174a9fd3873900c68"}
,"/Users/karansharma/Desktop/Frontend/practice/standup-tracker/server/middleware/rateLimiter.js": {"path":"/Users/karansharma/Desktop/Frontend/practice/standup-tracker/server/middleware/rateLimiter.js","statementMap":{"0":{"start":{"line":1,"column":18},"end":{"line":1,"column":47}},"1":{"start":{"line":2,"column":19},"end":{"line":2,"column":85}},"2":{"start":{"line":3,"column":17},"end":{"line":3,"column":45}},"3":{"start":{"line":4,"column":14},"end":{"line":4,"column":36}},"4":{"start":{"line":7,"column":18},"end":{"line":11,"column":4}},"5":{"start":{"line":8,"column":2},"end":{"line":11,"column":4}},"6":{"start":{"line":9,"column":30},"end":{"line":9,"column":49}},"7":{"start":{"line":14,"column":22},"end":{"line":22,"column":2}},"8":{"start":{"line":21,"column":17},"end":{"line":21,"column":43}},"9":{"start":{"line":26,"column":20},"end":{"line":33,"column":2}},"10":{"start":{"line":36,"column":22},"end":{"line":45,"column":2}},"11":{"start":{"line":43,"column":25},"end":{"line":43,"column":55}},"12":{"start":{"line":48,"column":21},"end":{"line":53,"column":2}},"13":{"start":{"line":51,"column":21},"end":{"line":51,"column":38}},"14":{"start":{"line":55,"column":0},"end":{"line":55,"column":77}}},"fnMap":{"0":{"name":"(anonymous_0)","decl":{"start":{"line":7,"column":18},"end":{"line":7,"column":19}},"loc":{"start":{"line":8,"column":2},"end":{"line":11,"column":4}},"line":8},"1":{"name":"(anonymous_1)","decl":{"start":{"line":9,"column":17},"end":{"line":9,"column":18}},"loc":{"start":{"line":9,"column":30},"end":{"line":9,"column":49}},"line":9},"2":{"name":"(anonymous_2)","decl":{"start":{"line":21,"column":8},"end":{"line":21,"column":9}},"loc":{"start":{"line":21,"column":17},"end":{"line":21,"column":43}},"line":21},"3":{"name":"(anonymous_3)","decl":{"start":{"line":43,"column":16},"end":{"line":43,"column":17}},"loc":{"start":{"line":43,"column":25},"end":{"line":43,"column":55}},"line":43},"4":{"name":"(anonymous_4)","decl":{"start":{"line":51,"column":11},"end":{"line":51,"column":12}},"loc":{"start":{"line":51,"column":21},"end":{"line":51,"column":38}},"line":51}},"branchMap":{"0":{"loc":{"start":{"line":2,"column":19},"end":{"line":2,"column":85}},"type":"binary-expr","locations":[{"start":{"line":2,"column":19},"end":{"line":2,"column":54}},{"start":{"line":2,"column":58},"end":{"line":2,"column":85}}],"line":2},"1":{"loc":{"start":{"line":43,"column":33},"end":{"line":43,"column":53}},"type":"binary-expr","locations":[{"start":{"line":43,"column":33},"end":{"line":43,"column":43}},{"start":{"line":43,"column":47},"end":{"line":43,"column":53}}],"line":43}},"s":{"0":0,"1":0,"2":0,"3":0,"4":0,"5":0,"6":0,"7":0,"8":0,"9":0,"10":0,"11":0,"12":0,"13":0,"14":0},"f":{"0":0,"1":0,"2":0,"3":0,"4":0},"b":{"0":[0,0],"1":[0,0]}}
,"/Users/karansharma/Desktop/Frontend/practice/standup-tracker/server/middleware/requestLogger.js": {"path":"/Users/karansharma/Desktop/Frontend/practice/standup-tracker/server/middleware/requestLogger.js","statementMap":{"0":{"start":{"line":1,"column":22},"end":{"line":25,"column":3}},"1":{"start":{"line":2,"column":18},"end":{"line":2,"column":28}},"2":{"start":{"line":3,"column":32},"end":{"line":3,"column":35}},"3":{"start":{"line":5,"column":4},"end":{"line":22,"column":7}},"4":{"start":{"line":6,"column":23},"end":{"line":6,"column":41}},"5":{"start":{"line":7,"column":29},"end":{"line":7,"column":32}},"6":{"start":{"line":10,"column":8},"end":{"line":13,"column":17}},"7":{"start":{"line":15,"column":6},"end":{"line":17,"column":8}},"8":{"start":{"line":19,"column":6},"end":{"line":21,"column":7}},"9":{"start":{"line":20,"column":8},"end":{"line":20,"column":74}},"10":{"start":{"line":24,"column":4},"end":{"line":24,"column":11}},"11":{"start":{"line":27,"column":2},"end":{"line":27,"column":33}}},"fnMap":{"0":{"name":"(anonymous_0)","decl":{"start":{"line":1,"column":22},"end":{"line":1,"column":23}},"loc":{"start":{"line":1,"column":42},"end":{"line":25,"column":3}},"line":1},"1":{"name":"(anonymous_1)","decl":{"start":{"line":5,"column":21},"end":{"line":5,"column":22}},"loc":{"start":{"line":5,"column":27},"end":{"line":22,"column":5}},"line":5}},"branchMap":{"0":{"loc":{"start":{"line":10,"column":8},"end":{"line":13,"column":17}},"type":"cond-expr","locations":[{"start":{"line":10,"column":28},"end":{"line":10,"column":38}},{"start":{"line":11,"column":8},"end":{"line":13,"column":17}}],"line":10},"1":{"loc":{"start":{"line":11,"column":8},"end":{"line":13,"column":17}},"type":"cond-expr","locations":[{"start":{"line":11,"column":28},"end":{"line":11,"column":38}},{"start":{"line":12,"column":8},"end":{"line":13,"column":17}}],"line":11},"2":{"loc":{"start":{"line":12,"column":8},"end":{"line":13,"column":17}},"type":"cond-expr","locations":[{"start":{"line":12,"column":28},"end":{"line":12,"column":38}},{"start":{"line":13,"column":8},"end":{"line":13,"column":17}}],"line":12},"3":{"loc":{"start":{"line":19,"column":6},"end":{"line":21,"column":7}},"type":"if","locations":[{"start":{"line":19,"column":6},"end":{"line":21,"column":7}},{"start":{},"end":{}}],"line":19}},"s":{"0":0,"1":0,"2":0,"3":0,"4":0,"5":0,"6":0,"7":0,"8":0,"9":0,"10":0,"11":0},"f":{"0":0,"1":0},"b":{"0":[0,0],"1":[0,0],"2":[0,0],"3":[0,0]}}
,"/Users/karansharma/Desktop/Frontend/practice/standup-tracker/server/middleware/requestMetrics.js": {"path":"/Users/karansharma/Desktop/Frontend/practice/standup-tracker/server/middleware/requestMetrics.js","statementMap":{"0":{"start":{"line":1,"column":66},"end":{"line":1,"column":101}},"1":{"start":{"line":2,"column":15},"end":{"line":2,"column":49}},"2":{"start":{"line":3,"column":23},"end":{"line":3,"column":38}},"3":{"start":{"line":5,"column":23},"end":{"line":57,"column":1}},"4":{"start":{"line":6,"column":2},"end":{"line":6,"column":20}},"5":{"start":{"line":7,"column":2},"end":{"line":7,"column":40}},"6":{"start":{"line":9,"column":16},"end":{"line":9,"column":39}},"7":{"start":{"line":11,"column":2},"end":{"line":54,"column":5}},"8":{"start":{"line":12,"column":23},"end":{"line":12,"column":54}},"9":{"start":{"line":13,"column":24},"end":{"line":13,"column":48}},"10":{"start":{"line":15,"column":18},"end":{"line":17,"column":42}},"11":{"start":{"line":19,"column":19},"end":{"line":23,"column":5}},"12":{"start":{"line":26,"column":4},"end":{"line":26,"column":53}},"13":{"start":{"line":27,"column":4},"end":{"line":27,"column":33}},"14":{"start":{"line":29,"column":4},"end":{"line":31,"column":5}},"15":{"start":{"line":30,"column":6},"end":{"line":30,"column":33}},"16":{"start":{"line":34,"column":20},"end":{"line":43,"column":5}},"17":{"start":{"line":45,"column":4},"end":{"line":53,"column":5}},"18":{"start":{"line":46,"column":6},"end":{"line":46,"column":46}},"19":{"start":{"line":47,"column":11},"end":{"line":53,"column":5}},"20":{"start":{"line":48,"column":6},"end":{"line":48,"column":44}},"21":{"start":{"line":49,"column":11},"end":{"line":53,"column":5}},"22":{"start":{"line":50,"column":6},"end":{"line":50,"column":43}},"23":{"start":{"line":52,"column":6},"end":{"line":52,"column":48}},"24":{"start":{"line":56,"column":2},"end":{"line":56,"column":9}},"25":{"start":{"line":59,"column":0},"end":{"line":59,"column":32}}},"fnMap":{"0":{"name":"(anonymous_0)","decl":{"start":{"line":5,"column":23},"end":{"line":5,"column":24}},"loc":{"start":{"line":5,"column":43},"end":{"line":57,"column":1}},"line":5},"1":{"name":"(anonymous_1)","decl":{"start":{"line":11,"column":19},"end":{"line":11,"column":20}},"loc":{"start":{"line":11,"column":25},"end":{"line":54,"column":3}},"line":11}},"branchMap":{"0":{"loc":{"start":{"line":15,"column":18},"end":{"line":17,"column":42}},"type":"cond-expr","locations":[{"start":{"line":16,"column":8},"end":{"line":16,"column":41}},{"start":{"line":17,"column":8},"end":{"line":17,"column":42}}],"line":15},"1":{"loc":{"start":{"line":29,"column":4},"end":{"line":31,"column":5}},"type":"if","locations":[{"start":{"line":29,"column":4},"end":{"line":31,"column":5}},{"start":{},"end":{}}],"line":29},"2":{"loc":{"start":{"line":45,"column":4},"end":{"line":53,"column":5}},"type":"if","locations":[{"start":{"line":45,"column":4},"end":{"line":53,"column":5}},{"start":{"line":47,"column":11},"end":{"line":53,"column":5}}],"line":45},"3":{"loc":{"start":{"line":47,"column":11},"end":{"line":53,"column":5}},"type":"if","locations":[{"start":{"line":47,"column":11},"end":{"line":53,"column":5}},{"start":{"line":49,"column":11},"end":{"line":53,"column":5}}],"line":47},"4":{"loc":{"start":{"line":49,"column":11},"end":{"line":53,"column":5}},"type":"if","locations":[{"start":{"line":49,"column":11},"end":{"line":53,"column":5}},{"start":{"line":51,"column":11},"end":{"line":53,"column":5}}],"line":49}},"s":{"0":0,"1":0,"2":0,"3":0,"4":0,"5":0,"6":0,"7":0,"8":0,"9":0,"10":0,"11":0,"12":0,"13":0,"14":0,"15":0,"16":0,"17":0,"18":0,"19":0,"20":0,"21":0,"22":0,"23":0,"24":0,"25":0},"f":{"0":0,"1":0},"b":{"0":[0,0],"1":[0,0],"2":[0,0],"3":[0,0],"4":[0,0]}}
,"/Users/karansharma/Desktop/Frontend/practice/standup-tracker/server/middleware/security.js": {"path":"/Users/karansharma/Desktop/Frontend/practice/standup-tracker/server/middleware/security.js","statementMap":{"0":{"start":{"line":1,"column":15},"end":{"line":1,"column":32}},"1":{"start":{"line":2,"column":20},"end":{"line":2,"column":42}},"2":{"start":{"line":4,"column":24},"end":{"line":12,"column":2}},"3":{"start":{"line":14,"column":17},"end":{"line":21,"column":2}},"4":{"start":{"line":18,"column":4},"end":{"line":18,"column":54}},"5":{"start":{"line":18,"column":41},"end":{"line":18,"column":54}},"6":{"start":{"line":19,"column":4},"end":{"line":19,"column":40}},"7":{"start":{"line":23,"column":0},"end":{"line":23,"column":47}}},"fnMap":{"0":{"name":"(anonymous_0)","decl":{"start":{"line":17,"column":10},"end":{"line":17,"column":11}},"loc":{"start":{"line":17,"column":24},"end":{"line":20,"column":3}},"line":17}},"branchMap":{"0":{"loc":{"start":{"line":18,"column":4},"end":{"line":18,"column":54}},"type":"if","locations":[{"start":{"line":18,"column":4},"end":{"line":18,"column":54}},{"start":{},"end":{}}],"line":18}},"s":{"0":4,"1":4,"2":4,"3":4,"4":0,"5":0,"6":0,"7":4},"f":{"0":0},"b":{"0":[0,0]},"_coverageSchema":"1a1c01bbd47fc00a2c39e90264f33305004495a9","hash":"a73f9d9649c483cff21e4c484b0e0b917bf7f7e8"}
,"/Users/karansharma/Desktop/Frontend/practice/standup-tracker/server/routes/auth.js": {"path":"/Users/karansharma/Desktop/Frontend/practice/standup-tracker/server/routes/auth.js","statementMap":{"0":{"start":{"line":1,"column":16},"end":{"line":1,"column":34}},"1":{"start":{"line":2,"column":12},"end":{"line":2,"column":35}},"2":{"start":{"line":3,"column":11},"end":{"line":3,"column":27}},"3":{"start":{"line":4,"column":15},"end":{"line":4,"column":31}},"4":{"start":{"line":6,"column":0},"end":{"line":12,"column":3}},"5":{"start":{"line":7,"column":17},"end":{"line":10,"column":4}},"6":{"start":{"line":11,"column":2},"end":{"line":11,"column":69}},"7":{"start":{"line":15,"column":0},"end":{"line":73,"column":3}},"8":{"start":{"line":16,"column":19},"end":{"line":16,"column":28}},"9":{"start":{"line":18,"column":2},"end":{"line":72,"column":3}},"10":{"start":{"line":19,"column":21},"end":{"line":30,"column":6}},"11":{"start":{"line":32,"column":22},"end":{"line":32,"column":43}},"12":{"start":{"line":33,"column":24},"end":{"line":33,"column":46}},"13":{"start":{"line":35,"column":4},"end":{"line":35,"column":66}},"14":{"start":{"line":35,"column":22},"end":{"line":35,"column":66}},"15":{"start":{"line":37,"column":20},"end":{"line":42,"column":6}},"16":{"start":{"line":43,"column":23},"end":{"line":43,"column":43}},"17":{"start":{"line":45,"column":21},"end":{"line":52,"column":5}},"18":{"start":{"line":54,"column":17},"end":{"line":54,"column":24}},"19":{"start":{"line":56,"column":18},"end":{"line":58,"column":6}},"20":{"start":{"line":60,"column":4},"end":{"line":65,"column":7}},"21":{"start":{"line":68,"column":4},"end":{"line":68,"column":56}},"22":{"start":{"line":70,"column":4},"end":{"line":70,"column":38}},"23":{"start":{"line":71,"column":4},"end":{"line":71,"column":70}},"24":{"start":{"line":76,"column":0},"end":{"line":79,"column":3}},"25":{"start":{"line":77,"column":2},"end":{"line":77,"column":27}},"26":{"start":{"line":78,"column":2},"end":{"line":78,"column":30}},"27":{"start":{"line":82,"column":0},"end":{"line":97,"column":3}},"28":{"start":{"line":83,"column":16},"end":{"line":83,"column":33}},"29":{"start":{"line":84,"column":2},"end":{"line":84,"column":74}},"30":{"start":{"line":84,"column":14},"end":{"line":84,"column":74}},"31":{"start":{"line":86,"column":2},"end":{"line":96,"column":3}},"32":{"start":{"line":87,"column":23},"end":{"line":87,"column":64}},"33":{"start":{"line":88,"column":21},"end":{"line":91,"column":5}},"34":{"start":{"line":92,"column":4},"end":{"line":92,"column":75}},"35":{"start":{"line":92,"column":18},"end":{"line":92,"column":75}},"36":{"start":{"line":93,"column":4},"end":{"line":93,"column":22}},"37":{"start":{"line":95,"column":4},"end":{"line":95,"column":53}},"38":{"start":{"line":99,"column":0},"end":{"line":99,"column":24}}},"fnMap":{"0":{"name":"(anonymous_0)","decl":{"start":{"line":6,"column":22},"end":{"line":6,"column":23}},"loc":{"start":{"line":6,"column":36},"end":{"line":12,"column":1}},"line":6},"1":{"name":"(anonymous_1)","decl":{"start":{"line":15,"column":24},"end":{"line":15,"column":25}},"loc":{"start":{"line":15,"column":44},"end":{"line":73,"column":1}},"line":15},"2":{"name":"(anonymous_2)","decl":{"start":{"line":76,"column":23},"end":{"line":76,"column":24}},"loc":{"start":{"line":76,"column":37},"end":{"line":79,"column":1}},"line":76},"3":{"name":"(anonymous_3)","decl":{"start":{"line":82,"column":18},"end":{"line":82,"column":19}},"loc":{"start":{"line":82,"column":38},"end":{"line":97,"column":1}},"line":82}},"branchMap":{"0":{"loc":{"start":{"line":35,"column":4},"end":{"line":35,"column":66}},"type":"if","locations":[{"start":{"line":35,"column":4},"end":{"line":35,"column":66}},{"start":{},"end":{}}],"line":35},"1":{"loc":{"start":{"line":62,"column":14},"end":{"line":62,"column":97}},"type":"binary-expr","locations":[{"start":{"line":62,"column":14},"end":{"line":62,"column":51}},{"start":{"line":62,"column":55},"end":{"line":62,"column":97}}],"line":62},"2":{"loc":{"start":{"line":84,"column":2},"end":{"line":84,"column":74}},"type":"if","locations":[{"start":{"line":84,"column":2},"end":{"line":84,"column":74}},{"start":{},"end":{}}],"line":84},"3":{"loc":{"start":{"line":92,"column":4},"end":{"line":92,"column":75}},"type":"if","locations":[{"start":{"line":92,"column":4},"end":{"line":92,"column":75}},{"start":{},"end":{}}],"line":92}},"s":{"0":4,"1":4,"2":4,"3":4,"4":4,"5":0,"6":0,"7":4,"8":0,"9":0,"10":0,"11":0,"12":0,"13":0,"14":0,"15":0,"16":0,"17":0,"18":0,"19":0,"20":0,"21":0,"22":0,"23":0,"24":4,"25":1,"26":1,"27":4,"28":2,"29":2,"30":1,"31":1,"32":1,"33":1,"34":1,"35":0,"36":1,"37":0,"38":4},"f":{"0":0,"1":0,"2":1,"3":2},"b":{"0":[0,0],"1":[0,0],"2":[1,1],"3":[0,1]},"_coverageSchema":"1a1c01bbd47fc00a2c39e90264f33305004495a9","hash":"5409607596d1c62726ea04974d46f60ab3ce7795"}
,"/Users/karansharma/Desktop/Frontend/practice/standup-tracker/server/routes/heatmap.js": {"path":"/Users/karansharma/Desktop/Frontend/practice/standup-tracker/server/routes/heatmap.js","statementMap":{"0":{"start":{"line":1,"column":16},"end":{"line":1,"column":34}},"1":{"start":{"line":2,"column":21},"end":{"line":2,"column":58}},"2":{"start":{"line":3,"column":11},"end":{"line":3,"column":27}},"3":{"start":{"line":4,"column":14},"end":{"line":4,"column":36}},"4":{"start":{"line":6,"column":15},"end":{"line":6,"column":31}},"5":{"start":{"line":8,"column":18},"end":{"line":8,"column":29}},"6":{"start":{"line":10,"column":20},"end":{"line":20,"column":1}},"7":{"start":{"line":11,"column":14},"end":{"line":17,"column":4}},"8":{"start":{"line":18,"column":2},"end":{"line":18,"column":66}},"9":{"start":{"line":18,"column":15},"end":{"line":18,"column":66}},"10":{"start":{"line":19,"column":2},"end":{"line":19,"column":20}},"11":{"start":{"line":22,"column":0},"end":{"line":143,"column":3}},"12":{"start":{"line":23,"column":2},"end":{"line":142,"column":3}},"13":{"start":{"line":24,"column":21},"end":{"line":24,"column":44}},"14":{"start":{"line":25,"column":19},"end":{"line":25,"column":44}},"15":{"start":{"line":26,"column":4},"end":{"line":26,"column":52}},"16":{"start":{"line":26,"column":16},"end":{"line":26,"column":52}},"17":{"start":{"line":28,"column":21},"end":{"line":31,"column":5}},"18":{"start":{"line":33,"column":4},"end":{"line":33,"column":75}},"19":{"start":{"line":33,"column":18},"end":{"line":33,"column":75}},"20":{"start":{"line":35,"column":46},"end":{"line":35,"column":53}},"21":{"start":{"line":38,"column":18},"end":{"line":38,"column":28}},"22":{"start":{"line":39,"column":4},"end":{"line":39,"column":47}},"23":{"start":{"line":40,"column":21},"end":{"line":40,"column":54}},"24":{"start":{"line":43,"column":48},"end":{"line":56,"column":6}},"25":{"start":{"line":59,"column":24},"end":{"line":59,"column":26}},"26":{"start":{"line":61,"column":24},"end":{"line":67,"column":5}},"27":{"start":{"line":62,"column":6},"end":{"line":64,"column":7}},"28":{"start":{"line":63,"column":8},"end":{"line":63,"column":76}},"29":{"start":{"line":65,"column":6},"end":{"line":65,"column":35}},"30":{"start":{"line":66,"column":6},"end":{"line":66,"column":35}},"31":{"start":{"line":69,"column":4},"end":{"line":72,"column":7}},"32":{"start":{"line":70,"column":19},"end":{"line":70,"column":59}},"33":{"start":{"line":71,"column":6},"end":{"line":71,"column":35}},"34":{"start":{"line":74,"column":4},"end":{"line":77,"column":7}},"35":{"start":{"line":75,"column":19},"end":{"line":75,"column":48}},"36":{"start":{"line":76,"column":6},"end":{"line":76,"column":31}},"37":{"start":{"line":79,"column":4},"end":{"line":82,"column":7}},"38":{"start":{"line":80,"column":19},"end":{"line":80,"column":48}},"39":{"start":{"line":81,"column":6},"end":{"line":81,"column":35}},"40":{"start":{"line":85,"column":17},"end":{"line":85,"column":19}},"41":{"start":{"line":86,"column":4},"end":{"line":94,"column":5}},"42":{"start":{"line":86,"column":17},"end":{"line":86,"column":20}},"43":{"start":{"line":87,"column":16},"end":{"line":87,"column":26}},"44":{"start":{"line":88,"column":6},"end":{"line":88,"column":33}},"45":{"start":{"line":89,"column":22},"end":{"line":89,"column":51}},"46":{"start":{"line":90,"column":6},"end":{"line":93,"column":9}},"47":{"start":{"line":97,"column":31},"end":{"line":97,"column":68}},"48":{"start":{"line":97,"column":53},"end":{"line":97,"column":64}},"49":{"start":{"line":98,"column":24},"end":{"line":98,"column":64}},"50":{"start":{"line":98,"column":52},"end":{"line":98,"column":59}},"51":{"start":{"line":101,"column":24},"end":{"line":101,"column":25}},"52":{"start":{"line":102,"column":24},"end":{"line":102,"column":25}},"53":{"start":{"line":103,"column":21},"end":{"line":103,"column":22}},"54":{"start":{"line":105,"column":4},"end":{"line":112,"column":5}},"55":{"start":{"line":105,"column":17},"end":{"line":105,"column":18}},"56":{"start":{"line":106,"column":6},"end":{"line":111,"column":7}},"57":{"start":{"line":107,"column":8},"end":{"line":107,"column":21}},"58":{"start":{"line":108,"column":8},"end":{"line":108,"column":67}},"59":{"start":{"line":108,"column":40},"end":{"line":108,"column":67}},"60":{"start":{"line":110,"column":8},"end":{"line":110,"column":23}},"61":{"start":{"line":115,"column":4},"end":{"line":118,"column":5}},"62":{"start":{"line":115,"column":17},"end":{"line":115,"column":32}},"63":{"start":{"line":116,"column":6},"end":{"line":117,"column":17}},"64":{"start":{"line":116,"column":29},"end":{"line":116,"column":45}},"65":{"start":{"line":117,"column":11},"end":{"line":117,"column":17}},"66":{"start":{"line":121,"column":26},"end":{"line":124,"column":5}},"67":{"start":{"line":122,"column":20},"end":{"line":122,"column":51}},"68":{"start":{"line":126,"column":19},"end":{"line":135,"column":5}},"69":{"start":{"line":137,"column":4},"end":{"line":137,"column":67}},"70":{"start":{"line":138,"column":4},"end":{"line":138,"column":21}},"71":{"start":{"line":140,"column":4},"end":{"line":140,"column":41}},"72":{"start":{"line":141,"column":4},"end":{"line":141,"column":49}},"73":{"start":{"line":145,"column":0},"end":{"line":145,"column":24}}},"fnMap":{"0":{"name":"(anonymous_0)","decl":{"start":{"line":10,"column":20},"end":{"line":10,"column":21}},"loc":{"start":{"line":10,"column":42},"end":{"line":20,"column":1}},"line":10},"1":{"name":"(anonymous_1)","decl":{"start":{"line":22,"column":30},"end":{"line":22,"column":31}},"loc":{"start":{"line":22,"column":50},"end":{"line":143,"column":1}},"line":22},"2":{"name":"(anonymous_2)","decl":{"start":{"line":61,"column":24},"end":{"line":61,"column":25}},"loc":{"start":{"line":61,"column":43},"end":{"line":67,"column":5}},"line":61},"3":{"name":"(anonymous_3)","decl":{"start":{"line":69,"column":38},"end":{"line":69,"column":39}},"loc":{"start":{"line":69,"column":48},"end":{"line":72,"column":5}},"line":69},"4":{"name":"(anonymous_4)","decl":{"start":{"line":74,"column":34},"end":{"line":74,"column":35}},"loc":{"start":{"line":74,"column":44},"end":{"line":77,"column":5}},"line":74},"5":{"name":"(anonymous_5)","decl":{"start":{"line":79,"column":38},"end":{"line":79,"column":39}},"loc":{"start":{"line":79,"column":48},"end":{"line":82,"column":5}},"line":79},"6":{"name":"(anonymous_6)","decl":{"start":{"line":97,"column":43},"end":{"line":97,"column":44}},"loc":{"start":{"line":97,"column":53},"end":{"line":97,"column":64}},"line":97},"7":{"name":"(anonymous_7)","decl":{"start":{"line":98,"column":45},"end":{"line":98,"column":46}},"loc":{"start":{"line":98,"column":52},"end":{"line":98,"column":59}},"line":98},"8":{"name":"(anonymous_8)","decl":{"start":{"line":122,"column":6},"end":{"line":122,"column":7}},"loc":{"start":{"line":122,"column":20},"end":{"line":122,"column":51}},"line":122}},"branchMap":{"0":{"loc":{"start":{"line":18,"column":2},"end":{"line":18,"column":66}},"type":"if","locations":[{"start":{"line":18,"column":2},"end":{"line":18,"column":66}},{"start":{},"end":{}}],"line":18},"1":{"loc":{"start":{"line":26,"column":4},"end":{"line":26,"column":52}},"type":"if","locations":[{"start":{"line":26,"column":4},"end":{"line":26,"column":52}},{"start":{},"end":{}}],"line":26},"2":{"loc":{"start":{"line":33,"column":4},"end":{"line":33,"column":75}},"type":"if","locations":[{"start":{"line":33,"column":4},"end":{"line":33,"column":75}},{"start":{},"end":{}}],"line":33},"3":{"loc":{"start":{"line":62,"column":6},"end":{"line":64,"column":7}},"type":"if","locations":[{"start":{"line":62,"column":6},"end":{"line":64,"column":7}},{"start":{},"end":{}}],"line":62},"4":{"loc":{"start":{"line":69,"column":5},"end":{"line":69,"column":28}},"type":"binary-expr","locations":[{"start":{"line":69,"column":5},"end":{"line":69,"column":22}},{"start":{"line":69,"column":26},"end":{"line":69,"column":28}}],"line":69},"5":{"loc":{"start":{"line":74,"column":5},"end":{"line":74,"column":24}},"type":"binary-expr","locations":[{"start":{"line":74,"column":5},"end":{"line":74,"column":18}},{"start":{"line":74,"column":22},"end":{"line":74,"column":24}}],"line":74},"6":{"loc":{"start":{"line":79,"column":5},"end":{"line":79,"column":28}},"type":"binary-expr","locations":[{"start":{"line":79,"column":5},"end":{"line":79,"column":22}},{"start":{"line":79,"column":26},"end":{"line":79,"column":28}}],"line":79},"7":{"loc":{"start":{"line":92,"column":12},"end":{"line":92,"column":80}},"type":"binary-expr","locations":[{"start":{"line":92,"column":12},"end":{"line":92,"column":32}},{"start":{"line":92,"column":36},"end":{"line":92,"column":80}}],"line":92},"8":{"loc":{"start":{"line":106,"column":6},"end":{"line":111,"column":7}},"type":"if","locations":[{"start":{"line":106,"column":6},"end":{"line":111,"column":7}},{"start":{"line":109,"column":13},"end":{"line":111,"column":7}}],"line":106},"9":{"loc":{"start":{"line":108,"column":8},"end":{"line":108,"column":67}},"type":"if","locations":[{"start":{"line":108,"column":8},"end":{"line":108,"column":67}},{"start":{},"end":{}}],"line":108},"10":{"loc":{"start":{"line":116,"column":6},"end":{"line":117,"column":17}},"type":"if","locations":[{"start":{"line":116,"column":6},"end":{"line":117,"column":17}},{"start":{"line":117,"column":11},"end":{"line":117,"column":17}}],"line":116},"11":{"loc":{"start":{"line":122,"column":20},"end":{"line":122,"column":51}},"type":"cond-expr","locations":[{"start":{"line":122,"column":43},"end":{"line":122,"column":44}},{"start":{"line":122,"column":47},"end":{"line":122,"column":51}}],"line":122}},"s":{"0":0,"1":0,"2":0,"3":0,"4":0,"5":0,"6":0,"7":0,"8":0,"9":0,"10":0,"11":0,"12":0,"13":0,"14":0,"15":0,"16":0,"17":0,"18":0,"19":0,"20":0,"21":0,"22":0,"23":0,"24":0,"25":0,"26":0,"27":0,"28":0,"29":0,"30":0,"31":0,"32":0,"33":0,"34":0,"35":0,"36":0,"37":0,"38":0,"39":0,"40":0,"41":0,"42":0,"43":0,"44":0,"45":0,"46":0,"47":0,"48":0,"49":0,"50":0,"51":0,"52":0,"53":0,"54":0,"55":0,"56":0,"57":0,"58":0,"59":0,"60":0,"61":0,"62":0,"63":0,"64":0,"65":0,"66":0,"67":0,"68":0,"69":0,"70":0,"71":0,"72":0,"73":0},"f":{"0":0,"1":0,"2":0,"3":0,"4":0,"5":0,"6":0,"7":0,"8":0},"b":{"0":[0,0],"1":[0,0],"2":[0,0],"3":[0,0],"4":[0,0],"5":[0,0],"6":[0,0],"7":[0,0],"8":[0,0],"9":[0,0],"10":[0,0],"11":[0,0]}}
,"/Users/karansharma/Desktop/Frontend/practice/standup-tracker/server/routes/journals.js": {"path":"/Users/karansharma/Desktop/Frontend/practice/standup-tracker/server/routes/journals.js","statementMap":{"0":{"start":{"line":1,"column":16},"end":{"line":1,"column":34}},"1":{"start":{"line":2,"column":21},"end":{"line":2,"column":58}},"2":{"start":{"line":3,"column":11},"end":{"line":3,"column":27}},"3":{"start":{"line":5,"column":15},"end":{"line":5,"column":31}},"4":{"start":{"line":7,"column":0},"end":{"line":17,"column":3}},"5":{"start":{"line":8,"column":2},"end":{"line":16,"column":3}},"6":{"start":{"line":9,"column":21},"end":{"line":12,"column":5}},"7":{"start":{"line":13,"column":4},"end":{"line":13,"column":30}},"8":{"start":{"line":15,"column":4},"end":{"line":15,"column":49}},"9":{"start":{"line":19,"column":0},"end":{"line":36,"column":3}},"10":{"start":{"line":20,"column":54},"end":{"line":20,"column":62}},"11":{"start":{"line":22,"column":2},"end":{"line":35,"column":3}},"12":{"start":{"line":23,"column":21},"end":{"line":30,"column":5}},"13":{"start":{"line":32,"column":4},"end":{"line":32,"column":22}},"14":{"start":{"line":34,"column":4},"end":{"line":34,"column":49}},"15":{"start":{"line":38,"column":0},"end":{"line":51,"column":3}},"16":{"start":{"line":39,"column":2},"end":{"line":50,"column":3}},"17":{"start":{"line":40,"column":21},"end":{"line":46,"column":5}},"18":{"start":{"line":47,"column":4},"end":{"line":47,"column":19}},"19":{"start":{"line":49,"column":4},"end":{"line":49,"column":49}},"20":{"start":{"line":53,"column":0},"end":{"line":53,"column":24}}},"fnMap":{"0":{"name":"(anonymous_0)","decl":{"start":{"line":7,"column":35},"end":{"line":7,"column":36}},"loc":{"start":{"line":7,"column":55},"end":{"line":17,"column":1}},"line":7},"1":{"name":"(anonymous_1)","decl":{"start":{"line":19,"column":31},"end":{"line":19,"column":32}},"loc":{"start":{"line":19,"column":51},"end":{"line":36,"column":1}},"line":19},"2":{"name":"(anonymous_2)","decl":{"start":{"line":38,"column":37},"end":{"line":38,"column":38}},"loc":{"start":{"line":38,"column":57},"end":{"line":51,"column":1}},"line":38}},"branchMap":{"0":{"loc":{"start":{"line":13,"column":13},"end":{"line":13,"column":28}},"type":"binary-expr","locations":[{"start":{"line":13,"column":13},"end":{"line":13,"column":20}},{"start":{"line":13,"column":24},"end":{"line":13,"column":28}}],"line":13},"1":{"loc":{"start":{"line":29,"column":53},"end":{"line":29,"column":64}},"type":"binary-expr","locations":[{"start":{"line":29,"column":53},"end":{"line":29,"column":58}},{"start":{"line":29,"column":62},"end":{"line":29,"column":64}}],"line":29}},"s":{"0":0,"1":0,"2":0,"3":0,"4":0,"5":0,"6":0,"7":0,"8":0,"9":0,"10":0,"11":0,"12":0,"13":0,"14":0,"15":0,"16":0,"17":0,"18":0,"19":0,"20":0},"f":{"0":0,"1":0,"2":0},"b":{"0":[0,0],"1":[0,0]}}
,"/Users/karansharma/Desktop/Frontend/practice/standup-tracker/server/routes/notifications.js": {"path":"/Users/karansharma/Desktop/Frontend/practice/standup-tracker/server/routes/notifications.js","statementMap":{"0":{"start":{"line":1,"column":16},"end":{"line":1,"column":34}},"1":{"start":{"line":2,"column":21},"end":{"line":2,"column":58}},"2":{"start":{"line":3,"column":11},"end":{"line":3,"column":27}},"3":{"start":{"line":5,"column":15},"end":{"line":5,"column":31}},"4":{"start":{"line":8,"column":0},"end":{"line":21,"column":3}},"5":{"start":{"line":9,"column":2},"end":{"line":20,"column":3}},"6":{"start":{"line":10,"column":21},"end":{"line":16,"column":5}},"7":{"start":{"line":17,"column":4},"end":{"line":17,"column":19}},"8":{"start":{"line":19,"column":4},"end":{"line":19,"column":49}},"9":{"start":{"line":24,"column":0},"end":{"line":34,"column":3}},"10":{"start":{"line":25,"column":2},"end":{"line":33,"column":3}},"11":{"start":{"line":26,"column":21},"end":{"line":29,"column":5}},"12":{"start":{"line":30,"column":4},"end":{"line":30,"column":49}},"13":{"start":{"line":32,"column":4},"end":{"line":32,"column":49}},"14":{"start":{"line":36,"column":0},"end":{"line":46,"column":3}},"15":{"start":{"line":37,"column":2},"end":{"line":45,"column":3}},"16":{"start":{"line":38,"column":4},"end":{"line":41,"column":6}},"17":{"start":{"line":42,"column":4},"end":{"line":42,"column":32}},"18":{"start":{"line":44,"column":4},"end":{"line":44,"column":49}},"19":{"start":{"line":49,"column":0},"end":{"line":59,"column":3}},"20":{"start":{"line":50,"column":2},"end":{"line":58,"column":3}},"21":{"start":{"line":51,"column":4},"end":{"line":54,"column":6}},"22":{"start":{"line":55,"column":4},"end":{"line":55,"column":32}},"23":{"start":{"line":57,"column":4},"end":{"line":57,"column":49}},"24":{"start":{"line":61,"column":0},"end":{"line":61,"column":24}}},"fnMap":{"0":{"name":"(anonymous_0)","decl":{"start":{"line":8,"column":30},"end":{"line":8,"column":31}},"loc":{"start":{"line":8,"column":50},"end":{"line":21,"column":1}},"line":8},"1":{"name":"(anonymous_1)","decl":{"start":{"line":24,"column":42},"end":{"line":24,"column":43}},"loc":{"start":{"line":24,"column":62},"end":{"line":34,"column":1}},"line":24},"2":{"name":"(anonymous_2)","decl":{"start":{"line":36,"column":38},"end":{"line":36,"column":39}},"loc":{"start":{"line":36,"column":58},"end":{"line":46,"column":1}},"line":36},"3":{"name":"(anonymous_3)","decl":{"start":{"line":49,"column":38},"end":{"line":49,"column":39}},"loc":{"start":{"line":49,"column":58},"end":{"line":59,"column":1}},"line":49}},"branchMap":{},"s":{"0":4,"1":4,"2":4,"3":4,"4":4,"5":0,"6":0,"7":0,"8":0,"9":4,"10":0,"11":0,"12":0,"13":0,"14":4,"15":0,"16":0,"17":0,"18":0,"19":4,"20":0,"21":0,"22":0,"23":0,"24":4},"f":{"0":0,"1":0,"2":0,"3":0},"b":{},"_coverageSchema":"1a1c01bbd47fc00a2c39e90264f33305004495a9","hash":"1800fc9c67b37772f63794dfc9fee4508d1c34a6"}
,"/Users/karansharma/Desktop/Frontend/practice/standup-tracker/server/routes/sessions.js": {"path":"/Users/karansharma/Desktop/Frontend/practice/standup-tracker/server/routes/sessions.js","statementMap":{"0":{"start":{"line":1,"column":16},"end":{"line":1,"column":34}},"1":{"start":{"line":2,"column":21},"end":{"line":2,"column":58}},"2":{"start":{"line":3,"column":11},"end":{"line":3,"column":27}},"3":{"start":{"line":5,"column":15},"end":{"line":5,"column":31}},"4":{"start":{"line":8,"column":0},"end":{"line":22,"column":3}},"5":{"start":{"line":9,"column":76},"end":{"line":9,"column":84}},"6":{"start":{"line":11,"column":2},"end":{"line":21,"column":3}},"7":{"start":{"line":12,"column":21},"end":{"line":17,"column":5}},"8":{"start":{"line":18,"column":4},"end":{"line":18,"column":22}},"9":{"start":{"line":20,"column":4},"end":{"line":20,"column":49}},"10":{"start":{"line":25,"column":0},"end":{"line":77,"column":3}},"11":{"start":{"line":26,"column":2},"end":{"line":76,"column":3}},"12":{"start":{"line":27,"column":32},"end":{"line":38,"column":5}},"13":{"start":{"line":40,"column":33},"end":{"line":48,"column":5}},"14":{"start":{"line":50,"column":33},"end":{"line":67,"column":5}},"15":{"start":{"line":69,"column":4},"end":{"line":73,"column":7}},"16":{"start":{"line":75,"column":4},"end":{"line":75,"column":49}},"17":{"start":{"line":79,"column":0},"end":{"line":92,"column":3}},"18":{"start":{"line":80,"column":2},"end":{"line":91,"column":3}},"19":{"start":{"line":81,"column":21},"end":{"line":87,"column":5}},"20":{"start":{"line":88,"column":4},"end":{"line":88,"column":19}},"21":{"start":{"line":90,"column":4},"end":{"line":90,"column":49}},"22":{"start":{"line":94,"column":0},"end":{"line":94,"column":24}}},"fnMap":{"0":{"name":"(anonymous_0)","decl":{"start":{"line":8,"column":31},"end":{"line":8,"column":32}},"loc":{"start":{"line":8,"column":51},"end":{"line":22,"column":1}},"line":8},"1":{"name":"(anonymous_1)","decl":{"start":{"line":25,"column":35},"end":{"line":25,"column":36}},"loc":{"start":{"line":25,"column":55},"end":{"line":77,"column":1}},"line":25},"2":{"name":"(anonymous_2)","decl":{"start":{"line":79,"column":35},"end":{"line":79,"column":36}},"loc":{"start":{"line":79,"column":55},"end":{"line":92,"column":1}},"line":79}},"branchMap":{"0":{"loc":{"start":{"line":16,"column":19},"end":{"line":16,"column":43}},"type":"binary-expr","locations":[{"start":{"line":16,"column":19},"end":{"line":16,"column":24}},{"start":{"line":16,"column":28},"end":{"line":16,"column":43}}],"line":16},"1":{"loc":{"start":{"line":16,"column":85},"end":{"line":16,"column":104}},"type":"binary-expr","locations":[{"start":{"line":16,"column":85},"end":{"line":16,"column":99}},{"start":{"line":16,"column":103},"end":{"line":16,"column":104}}],"line":16},"2":{"loc":{"start":{"line":72,"column":23},"end":{"line":72,"column":49}},"type":"binary-expr","locations":[{"start":{"line":72,"column":23},"end":{"line":72,"column":44}},{"start":{"line":72,"column":48},"end":{"line":72,"column":49}}],"line":72}},"s":{"0":4,"1":4,"2":4,"3":4,"4":4,"5":2,"6":2,"7":2,"8":2,"9":0,"10":4,"11":1,"12":1,"13":1,"14":1,"15":1,"16":0,"17":4,"18":0,"19":0,"20":0,"21":0,"22":4},"f":{"0":2,"1":1,"2":0},"b":{"0":[2,1],"1":[2,1],"2":[1,0]},"_coverageSchema":"1a1c01bbd47fc00a2c39e90264f33305004495a9","hash":"37dec08829a2d9128bb4f833a946c673e574900d"}
,"/Users/karansharma/Desktop/Frontend/practice/standup-tracker/server/routes/settings.js": {"path":"/Users/karansharma/Desktop/Frontend/practice/standup-tracker/server/routes/settings.js","statementMap":{"0":{"start":{"line":1,"column":16},"end":{"line":1,"column":34}},"1":{"start":{"line":2,"column":21},"end":{"line":2,"column":58}},"2":{"start":{"line":3,"column":11},"end":{"line":3,"column":27}},"3":{"start":{"line":5,"column":15},"end":{"line":5,"column":31}},"4":{"start":{"line":8,"column":0},"end":{"line":18,"column":3}},"5":{"start":{"line":9,"column":2},"end":{"line":17,"column":3}},"6":{"start":{"line":10,"column":21},"end":{"line":13,"column":5}},"7":{"start":{"line":14,"column":4},"end":{"line":14,"column":22}},"8":{"start":{"line":16,"column":4},"end":{"line":16,"column":49}},"9":{"start":{"line":21,"column":0},"end":{"line":33,"column":3}},"10":{"start":{"line":22,"column":32},"end":{"line":22,"column":40}},"11":{"start":{"line":24,"column":2},"end":{"line":32,"column":3}},"12":{"start":{"line":25,"column":4},"end":{"line":28,"column":6}},"13":{"start":{"line":29,"column":4},"end":{"line":29,"column":32}},"14":{"start":{"line":31,"column":4},"end":{"line":31,"column":49}},"15":{"start":{"line":35,"column":0},"end":{"line":35,"column":24}}},"fnMap":{"0":{"name":"(anonymous_0)","decl":{"start":{"line":8,"column":30},"end":{"line":8,"column":31}},"loc":{"start":{"line":8,"column":50},"end":{"line":18,"column":1}},"line":8},"1":{"name":"(anonymous_1)","decl":{"start":{"line":21,"column":30},"end":{"line":21,"column":31}},"loc":{"start":{"line":21,"column":50},"end":{"line":33,"column":1}},"line":21}},"branchMap":{},"s":{"0":4,"1":4,"2":4,"3":4,"4":4,"5":0,"6":0,"7":0,"8":0,"9":4,"10":0,"11":0,"12":0,"13":0,"14":0,"15":4},"f":{"0":0,"1":0},"b":{},"_coverageSchema":"1a1c01bbd47fc00a2c39e90264f33305004495a9","hash":"1e725b30b4f6879e6109b05214c3d82546904ae5"}
,"/Users/karansharma/Desktop/Frontend/practice/standup-tracker/server/routes/standup.js": {"path":"/Users/karansharma/Desktop/Frontend/practice/standup-tracker/server/routes/standup.js","statementMap":{"0":{"start":{"line":1,"column":16},"end":{"line":1,"column":34}},"1":{"start":{"line":2,"column":21},"end":{"line":2,"column":58}},"2":{"start":{"line":3,"column":32},"end":{"line":3,"column":68}},"3":{"start":{"line":4,"column":33},"end":{"line":4,"column":72}},"4":{"start":{"line":5,"column":31},"end":{"line":5,"column":66}},"5":{"start":{"line":6,"column":25},"end":{"line":6,"column":61}},"6":{"start":{"line":7,"column":11},"end":{"line":7,"column":27}},"7":{"start":{"line":9,"column":15},"end":{"line":9,"column":31}},"8":{"start":{"line":11,"column":0},"end":{"line":20,"column":3}},"9":{"start":{"line":12,"column":2},"end":{"line":19,"column":3}},"10":{"start":{"line":13,"column":21},"end":{"line":13,"column":58}},"11":{"start":{"line":14,"column":18},"end":{"line":14,"column":48}},"12":{"start":{"line":15,"column":4},"end":{"line":15,"column":34}},"13":{"start":{"line":17,"column":4},"end":{"line":17,"column":42}},"14":{"start":{"line":18,"column":4},"end":{"line":18,"column":49}},"15":{"start":{"line":22,"column":0},"end":{"line":35,"column":3}},"16":{"start":{"line":23,"column":2},"end":{"line":34,"column":3}},"17":{"start":{"line":24,"column":21},"end":{"line":30,"column":5}},"18":{"start":{"line":31,"column":4},"end":{"line":31,"column":30}},"19":{"start":{"line":33,"column":4},"end":{"line":33,"column":49}},"20":{"start":{"line":38,"column":0},"end":{"line":108,"column":3}},"21":{"start":{"line":39,"column":72},"end":{"line":39,"column":80}},"22":{"start":{"line":41,"column":2},"end":{"line":107,"column":3}},"23":{"start":{"line":43,"column":21},"end":{"line":50,"column":5}},"24":{"start":{"line":52,"column":18},"end":{"line":52,"column":25}},"25":{"start":{"line":55,"column":4},"end":{"line":69,"column":5}},"26":{"start":{"line":56,"column":33},"end":{"line":59,"column":7}},"27":{"start":{"line":60,"column":19},"end":{"line":60,"column":30}},"28":{"start":{"line":61,"column":6},"end":{"line":68,"column":7}},"29":{"start":{"line":62,"column":8},"end":{"line":67,"column":9}},"30":{"start":{"line":63,"column":10},"end":{"line":63,"column":81}},"31":{"start":{"line":64,"column":10},"end":{"line":64,"column":34}},"32":{"start":{"line":66,"column":10},"end":{"line":66,"column":35}},"33":{"start":{"line":72,"column":15},"end":{"line":72,"column":32}},"34":{"start":{"line":73,"column":4},"end":{"line":102,"column":7}},"35":{"start":{"line":74,"column":6},"end":{"line":101,"column":7}},"36":{"start":{"line":75,"column":22},"end":{"line":75,"column":47}},"37":{"start":{"line":78,"column":36},"end":{"line":95,"column":9}},"38":{"start":{"line":98,"column":8},"end":{"line":98,"column":72}},"39":{"start":{"line":100,"column":8},"end":{"line":100,"column":54}},"40":{"start":{"line":104,"column":4},"end":{"line":104,"column":20}},"41":{"start":{"line":106,"column":4},"end":{"line":106,"column":49}},"42":{"start":{"line":110,"column":0},"end":{"line":125,"column":3}},"43":{"start":{"line":111,"column":2},"end":{"line":124,"column":3}},"44":{"start":{"line":112,"column":21},"end":{"line":120,"column":5}},"45":{"start":{"line":121,"column":4},"end":{"line":121,"column":19}},"46":{"start":{"line":123,"column":4},"end":{"line":123,"column":49}},"47":{"start":{"line":128,"column":0},"end":{"line":150,"column":3}},"48":{"start":{"line":129,"column":2},"end":{"line":149,"column":3}},"49":{"start":{"line":130,"column":21},"end":{"line":145,"column":5}},"50":{"start":{"line":146,"column":4},"end":{"line":146,"column":19}},"51":{"start":{"line":148,"column":4},"end":{"line":148,"column":49}},"52":{"start":{"line":152,"column":0},"end":{"line":152,"column":24}}},"fnMap":{"0":{"name":"(anonymous_0)","decl":{"start":{"line":11,"column":38},"end":{"line":11,"column":39}},"loc":{"start":{"line":11,"column":58},"end":{"line":20,"column":1}},"line":11},"1":{"name":"(anonymous_1)","decl":{"start":{"line":22,"column":35},"end":{"line":22,"column":36}},"loc":{"start":{"line":22,"column":55},"end":{"line":35,"column":1}},"line":22},"2":{"name":"(anonymous_2)","decl":{"start":{"line":38,"column":31},"end":{"line":38,"column":32}},"loc":{"start":{"line":38,"column":51},"end":{"line":108,"column":1}},"line":38},"3":{"name":"(anonymous_3)","decl":{"start":{"line":73,"column":17},"end":{"line":73,"column":18}},"loc":{"start":{"line":73,"column":29},"end":{"line":102,"column":5}},"line":73},"4":{"name":"(anonymous_4)","decl":{"start":{"line":110,"column":37},"end":{"line":110,"column":38}},"loc":{"start":{"line":110,"column":57},"end":{"line":125,"column":1}},"line":110},"5":{"name":"(anonymous_5)","decl":{"start":{"line":128,"column":41},"end":{"line":128,"column":42}},"loc":{"start":{"line":128,"column":61},"end":{"line":150,"column":1}},"line":128}},"branchMap":{"0":{"loc":{"start":{"line":31,"column":13},"end":{"line":31,"column":28}},"type":"binary-expr","locations":[{"start":{"line":31,"column":13},"end":{"line":31,"column":20}},{"start":{"line":31,"column":24},"end":{"line":31,"column":28}}],"line":31},"1":{"loc":{"start":{"line":49,"column":47},"end":{"line":49,"column":70}},"type":"binary-expr","locations":[{"start":{"line":49,"column":47},"end":{"line":49,"column":61}},{"start":{"line":49,"column":65},"end":{"line":49,"column":70}}],"line":49},"2":{"loc":{"start":{"line":55,"column":4},"end":{"line":69,"column":5}},"type":"if","locations":[{"start":{"line":55,"column":4},"end":{"line":69,"column":5}},{"start":{},"end":{}}],"line":55},"3":{"loc":{"start":{"line":61,"column":6},"end":{"line":68,"column":7}},"type":"if","locations":[{"start":{"line":61,"column":6},"end":{"line":68,"column":7}},{"start":{},"end":{}}],"line":61}},"s":{"0":4,"1":4,"2":4,"3":4,"4":4,"5":4,"6":4,"7":4,"8":4,"9":0,"10":0,"11":0,"12":0,"13":0,"14":0,"15":4,"16":4,"17":4,"18":4,"19":0,"20":4,"21":4,"22":4,"23":4,"24":4,"25":4,"26":0,"27":0,"28":0,"29":0,"30":0,"31":0,"32":0,"33":4,"34":4,"35":4,"36":4,"37":4,"38":4,"39":0,"40":4,"41":0,"42":4,"43":4,"44":4,"45":4,"46":0,"47":4,"48":0,"49":0,"50":0,"51":0,"52":4},"f":{"0":0,"1":4,"2":4,"3":4,"4":4,"5":0},"b":{"0":[4,3],"1":[4,4],"2":[0,4],"3":[0,0]},"_coverageSchema":"1a1c01bbd47fc00a2c39e90264f33305004495a9","hash":"0da6918de54c3fec399b8fdd3c0210c34e92d81d"}
,"/Users/karansharma/Desktop/Frontend/practice/standup-tracker/server/services/githubService.js": {"path":"/Users/karansharma/Desktop/Frontend/practice/standup-tracker/server/services/githubService.js","statementMap":{"0":{"start":{"line":1,"column":11},"end":{"line":1,"column":27}},"1":{"start":{"line":2,"column":14},"end":{"line":2,"column":36}},"2":{"start":{"line":7,"column":4},"end":{"line":7,"column":39}},"3":{"start":{"line":8,"column":15},"end":{"line":8,"column":49}},"4":{"start":{"line":10,"column":18},"end":{"line":10,"column":25}},"5":{"start":{"line":12,"column":20},"end":{"line":39,"column":1}},"6":{"start":{"line":13,"column":14},"end":{"line":13,"column":56}},"7":{"start":{"line":14,"column":2},"end":{"line":38,"column":3}},"8":{"start":{"line":15,"column":16},"end":{"line":21,"column":6}},"9":{"start":{"line":23,"column":19},"end":{"line":23,"column":47}},"10":{"start":{"line":24,"column":4},"end":{"line":24,"column":45}},"11":{"start":{"line":25,"column":4},"end":{"line":25,"column":10}},"12":{"start":{"line":27,"column":4},"end":{"line":30,"column":5}},"13":{"start":{"line":28,"column":18},"end":{"line":28,"column":52}},"14":{"start":{"line":28,"column":48},"end":{"line":28,"column":50}},"15":{"start":{"line":29,"column":6},"end":{"line":29,"column":72}},"16":{"start":{"line":32,"column":4},"end":{"line":32,"column":22}},"17":{"start":{"line":34,"column":4},"end":{"line":34,"column":54}},"18":{"start":{"line":35,"column":4},"end":{"line":35,"column":10}},"19":{"start":{"line":36,"column":4},"end":{"line":36,"column":77}},"20":{"start":{"line":37,"column":4},"end":{"line":37,"column":14}},"21":{"start":{"line":41,"column":24},"end":{"line":45,"column":1}},"22":{"start":{"line":42,"column":12},"end":{"line":42,"column":22}},"23":{"start":{"line":43,"column":2},"end":{"line":43,"column":29}},"24":{"start":{"line":44,"column":2},"end":{"line":44,"column":39}},"25":{"start":{"line":47,"column":28},"end":{"line":126,"column":1}},"26":{"start":{"line":48,"column":19},"end":{"line":48,"column":46}},"27":{"start":{"line":50,"column":17},"end":{"line":50,"column":42}},"28":{"start":{"line":51,"column":2},"end":{"line":55,"column":3}},"29":{"start":{"line":52,"column":4},"end":{"line":52,"column":61}},"30":{"start":{"line":53,"column":4},"end":{"line":53,"column":58}},"31":{"start":{"line":54,"column":4},"end":{"line":54,"column":30}},"32":{"start":{"line":57,"column":2},"end":{"line":57,"column":60}},"33":{"start":{"line":59,"column":19},"end":{"line":63,"column":3}},"34":{"start":{"line":65,"column":2},"end":{"line":65,"column":50}},"35":{"start":{"line":65,"column":16},"end":{"line":65,"column":50}},"36":{"start":{"line":67,"column":44},"end":{"line":67,"column":51}},"37":{"start":{"line":68,"column":16},"end":{"line":68,"column":33}},"38":{"start":{"line":70,"column":2},"end":{"line":70,"column":71}},"39":{"start":{"line":72,"column":46},"end":{"line":88,"column":4}},"40":{"start":{"line":90,"column":19},"end":{"line":112,"column":3}},"41":{"start":{"line":91,"column":54},"end":{"line":96,"column":5}},"42":{"start":{"line":97,"column":46},"end":{"line":104,"column":5}},"43":{"start":{"line":105,"column":54},"end":{"line":111,"column":5}},"44":{"start":{"line":114,"column":2},"end":{"line":114,"column":67}},"45":{"start":{"line":115,"column":2},"end":{"line":115,"column":59}},"46":{"start":{"line":117,"column":2},"end":{"line":123,"column":4}},"47":{"start":{"line":125,"column":2},"end":{"line":125,"column":18}},"48":{"start":{"line":128,"column":0},"end":{"line":128,"column":41}}},"fnMap":{"0":{"name":"(anonymous_0)","decl":{"start":{"line":12,"column":20},"end":{"line":12,"column":21}},"loc":{"start":{"line":12,"column":64},"end":{"line":39,"column":1}},"line":12},"1":{"name":"(anonymous_1)","decl":{"start":{"line":28,"column":41},"end":{"line":28,"column":42}},"loc":{"start":{"line":28,"column":48},"end":{"line":28,"column":50}},"line":28},"2":{"name":"(anonymous_2)","decl":{"start":{"line":41,"column":24},"end":{"line":41,"column":25}},"loc":{"start":{"line":41,"column":30},"end":{"line":45,"column":1}},"line":41},"3":{"name":"(anonymous_3)","decl":{"start":{"line":47,"column":28},"end":{"line":47,"column":29}},"loc":{"start":{"line":47,"column":46},"end":{"line":126,"column":1}},"line":47},"4":{"name":"(anonymous_4)","decl":{"start":{"line":91,"column":43},"end":{"line":91,"column":44}},"loc":{"start":{"line":91,"column":54},"end":{"line":96,"column":5}},"line":91},"5":{"name":"(anonymous_5)","decl":{"start":{"line":97,"column":35},"end":{"line":97,"column":36}},"loc":{"start":{"line":97,"column":46},"end":{"line":104,"column":5}},"line":97},"6":{"name":"(anonymous_6)","decl":{"start":{"line":105,"column":43},"end":{"line":105,"column":44}},"loc":{"start":{"line":105,"column":54},"end":{"line":111,"column":5}},"line":105}},"branchMap":{"0":{"loc":{"start":{"line":12,"column":39},"end":{"line":12,"column":59}},"type":"default-arg","locations":[{"start":{"line":12,"column":50},"end":{"line":12,"column":59}}],"line":12},"1":{"loc":{"start":{"line":23,"column":19},"end":{"line":23,"column":47}},"type":"cond-expr","locations":[{"start":{"line":23,"column":28},"end":{"line":23,"column":37}},{"start":{"line":23,"column":40},"end":{"line":23,"column":47}}],"line":23},"2":{"loc":{"start":{"line":27,"column":4},"end":{"line":30,"column":5}},"type":"if","locations":[{"start":{"line":27,"column":4},"end":{"line":30,"column":5}},{"start":{},"end":{}}],"line":27},"3":{"loc":{"start":{"line":29,"column":22},"end":{"line":29,"column":70}},"type":"binary-expr","locations":[{"start":{"line":29,"column":22},"end":{"line":29,"column":33}},{"start":{"line":29,"column":37},"end":{"line":29,"column":70}}],"line":29},"4":{"loc":{"start":{"line":51,"column":2},"end":{"line":55,"column":3}},"type":"if","locations":[{"start":{"line":51,"column":2},"end":{"line":55,"column":3}},{"start":{},"end":{}}],"line":51},"5":{"loc":{"start":{"line":65,"column":2},"end":{"line":65,"column":50}},"type":"if","locations":[{"start":{"line":65,"column":2},"end":{"line":65,"column":50}},{"start":{},"end":{}}],"line":65},"6":{"loc":{"start":{"line":91,"column":14},"end":{"line":91,"column":37}},"type":"binary-expr","locations":[{"start":{"line":91,"column":14},"end":{"line":91,"column":31}},{"start":{"line":91,"column":35},"end":{"line":91,"column":37}}],"line":91},"7":{"loc":{"start":{"line":97,"column":10},"end":{"line":97,"column":29}},"type":"binary-expr","locations":[{"start":{"line":97,"column":10},"end":{"line":97,"column":23}},{"start":{"line":97,"column":27},"end":{"line":97,"column":29}}],"line":97},"8":{"loc":{"start":{"line":102,"column":13},"end":{"line":102,"column":32}},"type":"binary-expr","locations":[{"start":{"line":102,"column":13},"end":{"line":102,"column":23}},{"start":{"line":102,"column":27},"end":{"line":102,"column":32}}],"line":102},"9":{"loc":{"start":{"line":105,"column":14},"end":{"line":105,"column":37}},"type":"binary-expr","locations":[{"start":{"line":105,"column":14},"end":{"line":105,"column":31}},{"start":{"line":105,"column":35},"end":{"line":105,"column":37}}],"line":105}},"s":{"0":4,"1":4,"2":4,"3":4,"4":4,"5":4,"6":0,"7":0,"8":0,"9":0,"10":0,"11":0,"12":0,"13":0,"14":0,"15":0,"16":0,"17":0,"18":0,"19":0,"20":0,"21":4,"22":0,"23":0,"24":0,"25":4,"26":0,"27":0,"28":0,"29":0,"30":0,"31":0,"32":0,"33":0,"34":0,"35":0,"36":0,"37":0,"38":0,"39":0,"40":0,"41":0,"42":0,"43":0,"44":0,"45":0,"46":0,"47":0,"48":4},"f":{"0":0,"1":0,"2":0,"3":0,"4":0,"5":0,"6":0},"b":{"0":[0],"1":[0,0],"2":[0,0],"3":[0,0],"4":[0,0],"5":[0,0],"6":[0,0],"7":[0,0],"8":[0,0],"9":[0,0]},"_coverageSchema":"1a1c01bbd47fc00a2c39e90264f33305004495a9","hash":"2e7d3d91258c8519a22d9f6bf960832edf374f29"}
,"/Users/karansharma/Desktop/Frontend/practice/standup-tracker/server/services/prReminderService.js": {"path":"/Users/karansharma/Desktop/Frontend/practice/standup-tracker/server/services/prReminderService.js","statementMap":{"0":{"start":{"line":1,"column":11},"end":{"line":1,"column":27}},"1":{"start":{"line":2,"column":14},"end":{"line":2,"column":36}},"2":{"start":{"line":3,"column":31},"end":{"line":3,"column":56}},"3":{"start":{"line":5,"column":20},"end":{"line":5,"column":22}},"4":{"start":{"line":7,"column":20},"end":{"line":17,"column":1}},"5":{"start":{"line":8,"column":14},"end":{"line":14,"column":4}},"6":{"start":{"line":15,"column":2},"end":{"line":15,"column":66}},"7":{"start":{"line":15,"column":15},"end":{"line":15,"column":66}},"8":{"start":{"line":16,"column":2},"end":{"line":16,"column":20}},"9":{"start":{"line":19,"column":20},"end":{"line":37,"column":1}},"10":{"start":{"line":20,"column":20},"end":{"line":20,"column":30}},"11":{"start":{"line":21,"column":2},"end":{"line":21,"column":57}},"12":{"start":{"line":22,"column":23},"end":{"line":22,"column":60}},"13":{"start":{"line":25,"column":15},"end":{"line":28,"column":3}},"14":{"start":{"line":30,"column":2},"end":{"line":36,"column":6}},"15":{"start":{"line":30,"column":41},"end":{"line":36,"column":3}},"16":{"start":{"line":39,"column":29},"end":{"line":43,"column":1}},"17":{"start":{"line":40,"column":14},"end":{"line":40,"column":78}},"18":{"start":{"line":41,"column":17},"end":{"line":41,"column":37}},"19":{"start":{"line":42,"column":2},"end":{"line":42,"column":18}},"20":{"start":{"line":45,"column":21},"end":{"line":52,"column":1}},"21":{"start":{"line":46,"column":14},"end":{"line":46,"column":78}},"22":{"start":{"line":47,"column":14},"end":{"line":47,"column":24}},"23":{"start":{"line":48,"column":19},"end":{"line":48,"column":29}},"24":{"start":{"line":49,"column":2},"end":{"line":49,"column":33}},"25":{"start":{"line":50,"column":31},"end":{"line":50,"column":66}},"26":{"start":{"line":51,"column":2},"end":{"line":51,"column":52}},"27":{"start":{"line":54,"column":27},"end":{"line":70,"column":1}},"28":{"start":{"line":55,"column":19},"end":{"line":68,"column":3}},"29":{"start":{"line":69,"column":2},"end":{"line":69,"column":17}},"30":{"start":{"line":72,"column":23},"end":{"line":127,"column":1}},"31":{"start":{"line":73,"column":2},"end":{"line":73,"column":46}},"32":{"start":{"line":75,"column":2},"end":{"line":126,"column":3}},"33":{"start":{"line":76,"column":28},"end":{"line":78,"column":5}},"34":{"start":{"line":80,"column":4},"end":{"line":123,"column":5}},"35":{"start":{"line":81,"column":6},"end":{"line":122,"column":7}},"36":{"start":{"line":82,"column":25},"end":{"line":82,"column":76}},"37":{"start":{"line":84,"column":8},"end":{"line":84,"column":44}},"38":{"start":{"line":84,"column":35},"end":{"line":84,"column":44}},"39":{"start":{"line":86,"column":29},"end":{"line":86,"column":31}},"40":{"start":{"line":88,"column":8},"end":{"line":95,"column":9}},"41":{"start":{"line":89,"column":34},"end":{"line":89,"column":77}},"42":{"start":{"line":90,"column":10},"end":{"line":90,"column":40}},"43":{"start":{"line":90,"column":31},"end":{"line":90,"column":40}},"44":{"start":{"line":91,"column":31},"end":{"line":91,"column":68}},"45":{"start":{"line":92,"column":10},"end":{"line":92,"column":42}},"46":{"start":{"line":94,"column":10},"end":{"line":94,"column":46}},"47":{"start":{"line":97,"column":8},"end":{"line":97,"column":48}},"48":{"start":{"line":97,"column":39},"end":{"line":97,"column":48}},"49":{"start":{"line":100,"column":8},"end":{"line":102,"column":9}},"50":{"start":{"line":101,"column":10},"end":{"line":101,"column":71}},"51":{"start":{"line":105,"column":8},"end":{"line":117,"column":9}},"52":{"start":{"line":106,"column":25},"end":{"line":108,"column":23}},"53":{"start":{"line":107,"column":24},"end":{"line":107,"column":67}},"54":{"start":{"line":110,"column":23},"end":{"line":110,"column":129}},"55":{"start":{"line":112,"column":10},"end":{"line":116,"column":74}},"56":{"start":{"line":116,"column":28},"end":{"line":116,"column":72}},"57":{"start":{"line":119,"column":8},"end":{"line":119,"column":86}},"58":{"start":{"line":121,"column":8},"end":{"line":121,"column":88}},"59":{"start":{"line":125,"column":4},"end":{"line":125,"column":49}},"60":{"start":{"line":129,"column":0},"end":{"line":129,"column":36}}},"fnMap":{"0":{"name":"(anonymous_0)","decl":{"start":{"line":7,"column":20},"end":{"line":7,"column":21}},"loc":{"start":{"line":7,"column":42},"end":{"line":17,"column":1}},"line":7},"1":{"name":"(anonymous_1)","decl":{"start":{"line":19,"column":20},"end":{"line":19,"column":21}},"loc":{"start":{"line":19,"column":47},"end":{"line":37,"column":1}},"line":19},"2":{"name":"(anonymous_2)","decl":{"start":{"line":30,"column":32},"end":{"line":30,"column":33}},"loc":{"start":{"line":30,"column":41},"end":{"line":36,"column":3}},"line":30},"3":{"name":"(anonymous_3)","decl":{"start":{"line":39,"column":29},"end":{"line":39,"column":30}},"loc":{"start":{"line":39,"column":54},"end":{"line":43,"column":1}},"line":39},"4":{"name":"(anonymous_4)","decl":{"start":{"line":45,"column":21},"end":{"line":45,"column":22}},"loc":{"start":{"line":45,"column":46},"end":{"line":52,"column":1}},"line":45},"5":{"name":"(anonymous_5)","decl":{"start":{"line":54,"column":27},"end":{"line":54,"column":28}},"loc":{"start":{"line":54,"column":49},"end":{"line":70,"column":1}},"line":54},"6":{"name":"(anonymous_6)","decl":{"start":{"line":72,"column":23},"end":{"line":72,"column":24}},"loc":{"start":{"line":72,"column":37},"end":{"line":127,"column":1}},"line":72},"7":{"name":"(anonymous_7)","decl":{"start":{"line":107,"column":17},"end":{"line":107,"column":18}},"loc":{"start":{"line":107,"column":24},"end":{"line":107,"column":67}},"line":107},"8":{"name":"(anonymous_8)","decl":{"start":{"line":116,"column":19},"end":{"line":116,"column":20}},"loc":{"start":{"line":116,"column":28},"end":{"line":116,"column":72}},"line":116}},"branchMap":{"0":{"loc":{"start":{"line":15,"column":2},"end":{"line":15,"column":66}},"type":"if","locations":[{"start":{"line":15,"column":2},"end":{"line":15,"column":66}},{"start":{},"end":{}}],"line":15},"1":{"loc":{"start":{"line":30,"column":10},"end":{"line":30,"column":26}},"type":"binary-expr","locations":[{"start":{"line":30,"column":10},"end":{"line":30,"column":20}},{"start":{"line":30,"column":24},"end":{"line":30,"column":26}}],"line":30},"2":{"loc":{"start":{"line":84,"column":8},"end":{"line":84,"column":44}},"type":"if","locations":[{"start":{"line":84,"column":8},"end":{"line":84,"column":44}},{"start":{},"end":{}}],"line":84},"3":{"loc":{"start":{"line":90,"column":10},"end":{"line":90,"column":40}},"type":"if","locations":[{"start":{"line":90,"column":10},"end":{"line":90,"column":40}},{"start":{},"end":{}}],"line":90},"4":{"loc":{"start":{"line":97,"column":8},"end":{"line":97,"column":48}},"type":"if","locations":[{"start":{"line":97,"column":8},"end":{"line":97,"column":48}},{"start":{},"end":{}}],"line":97},"5":{"loc":{"start":{"line":100,"column":8},"end":{"line":102,"column":9}},"type":"if","locations":[{"start":{"line":100,"column":8},"end":{"line":102,"column":9}},{"start":{},"end":{}}],"line":100},"6":{"loc":{"start":{"line":105,"column":8},"end":{"line":117,"column":9}},"type":"if","locations":[{"start":{"line":105,"column":8},"end":{"line":117,"column":9}},{"start":{},"end":{}}],"line":105}},"s":{"0":0,"1":0,"2":0,"3":0,"4":0,"5":0,"6":0,"7":0,"8":0,"9":0,"10":0,"11":0,"12":0,"13":0,"14":0,"15":0,"16":0,"17":0,"18":0,"19":0,"20":0,"21":0,"22":0,"23":0,"24":0,"25":0,"26":0,"27":0,"28":0,"29":0,"30":0,"31":0,"32":0,"33":0,"34":0,"35":0,"36":0,"37":0,"38":0,"39":0,"40":0,"41":0,"42":0,"43":0,"44":0,"45":0,"46":0,"47":0,"48":0,"49":0,"50":0,"51":0,"52":0,"53":0,"54":0,"55":0,"56":0,"57":0,"58":0,"59":0,"60":0},"f":{"0":0,"1":0,"2":0,"3":0,"4":0,"5":0,"6":0,"7":0,"8":0},"b":{"0":[0,0],"1":[0,0],"2":[0,0],"3":[0,0],"4":[0,0],"5":[0,0],"6":[0,0]}}
,"/Users/karansharma/Desktop/Frontend/practice/standup-tracker/server/services/slackService.js": {"path":"/Users/karansharma/Desktop/Frontend/practice/standup-tracker/server/services/slackService.js","statementMap":{"0":{"start":{"line":1,"column":27},"end":{"line":31,"column":1}},"1":{"start":{"line":2,"column":15},"end":{"line":18,"column":32}},"2":{"start":{"line":20,"column":14},"end":{"line":24,"column":4}},"3":{"start":{"line":26,"column":2},"end":{"line":28,"column":3}},"4":{"start":{"line":27,"column":4},"end":{"line":27,"column":59}},"5":{"start":{"line":30,"column":2},"end":{"line":30,"column":14}},"6":{"start":{"line":33,"column":0},"end":{"line":33,"column":40}}},"fnMap":{"0":{"name":"(anonymous_0)","decl":{"start":{"line":1,"column":27},"end":{"line":1,"column":28}},"loc":{"start":{"line":1,"column":68},"end":{"line":31,"column":1}},"line":1}},"branchMap":{"0":{"loc":{"start":{"line":12,"column":4},"end":{"line":12,"column":41}},"type":"binary-expr","locations":[{"start":{"line":12,"column":4},"end":{"line":12,"column":21}},{"start":{"line":12,"column":25},"end":{"line":12,"column":41}}],"line":12},"1":{"loc":{"start":{"line":15,"column":4},"end":{"line":15,"column":37}},"type":"binary-expr","locations":[{"start":{"line":15,"column":4},"end":{"line":15,"column":17}},{"start":{"line":15,"column":21},"end":{"line":15,"column":37}}],"line":15},"2":{"loc":{"start":{"line":18,"column":4},"end":{"line":18,"column":30}},"type":"binary-expr","locations":[{"start":{"line":18,"column":4},"end":{"line":18,"column":20}},{"start":{"line":18,"column":24},"end":{"line":18,"column":30}}],"line":18},"3":{"loc":{"start":{"line":26,"column":2},"end":{"line":28,"column":3}},"type":"if","locations":[{"start":{"line":26,"column":2},"end":{"line":28,"column":3}},{"start":{},"end":{}}],"line":26}},"s":{"0":4,"1":0,"2":0,"3":0,"4":0,"5":0,"6":4},"f":{"0":0},"b":{"0":[0,0],"1":[0,0],"2":[0,0],"3":[0,0]},"_coverageSchema":"1a1c01bbd47fc00a2c39e90264f33305004495a9","hash":"d5eb47c25d3528993fa00b40ce6646ccd48d743b"}
,"/Users/karansharma/Desktop/Frontend/practice/standup-tracker/server/services/standupGenerator.js": {"path":"/Users/karansharma/Desktop/Frontend/practice/standup-tracker/server/services/standupGenerator.js","statementMap":{"0":{"start":{"line":1,"column":27},"end":{"line":15,"column":3}},"1":{"start":{"line":2,"column":19},"end":{"line":2,"column":21}},"2":{"start":{"line":4,"column":4},"end":{"line":8,"column":7}},"3":{"start":{"line":5,"column":6},"end":{"line":5,"column":50}},"4":{"start":{"line":5,"column":25},"end":{"line":5,"column":50}},"5":{"start":{"line":6,"column":25},"end":{"line":6,"column":74}},"6":{"start":{"line":7,"column":6},"end":{"line":7,"column":35}},"7":{"start":{"line":10,"column":4},"end":{"line":14,"column":7}},"8":{"start":{"line":11,"column":23},"end":{"line":11,"column":41}},"9":{"start":{"line":12,"column":20},"end":{"line":12,"column":45}},"10":{"start":{"line":13,"column":6},"end":{"line":13,"column":48}},"11":{"start":{"line":17,"column":31},"end":{"line":77,"column":3}},"12":{"start":{"line":18,"column":38},"end":{"line":18,"column":46}},"13":{"start":{"line":20,"column":27},"end":{"line":20,"column":29}},"14":{"start":{"line":22,"column":4},"end":{"line":25,"column":5}},"15":{"start":{"line":23,"column":27},"end":{"line":23,"column":54}},"16":{"start":{"line":24,"column":6},"end":{"line":24,"column":71}},"17":{"start":{"line":24,"column":37},"end":{"line":24,"column":69}},"18":{"start":{"line":27,"column":4},"end":{"line":30,"column":5}},"19":{"start":{"line":28,"column":28},"end":{"line":28,"column":82}},"20":{"start":{"line":28,"column":59},"end":{"line":28,"column":79}},"21":{"start":{"line":29,"column":6},"end":{"line":29,"column":74}},"22":{"start":{"line":33,"column":6},"end":{"line":35,"column":51}},"23":{"start":{"line":38,"column":20},"end":{"line":38,"column":59}},"24":{"start":{"line":38,"column":39},"end":{"line":38,"column":58}},"25":{"start":{"line":39,"column":21},"end":{"line":39,"column":53}},"26":{"start":{"line":39,"column":44},"end":{"line":39,"column":52}},"27":{"start":{"line":40,"column":21},"end":{"line":40,"column":54}},"28":{"start":{"line":40,"column":44},"end":{"line":40,"column":53}},"29":{"start":{"line":42,"column":23},"end":{"line":42,"column":25}},"30":{"start":{"line":44,"column":4},"end":{"line":48,"column":5}},"31":{"start":{"line":45,"column":6},"end":{"line":47,"column":9}},"32":{"start":{"line":46,"column":8},"end":{"line":46,"column":86}},"33":{"start":{"line":50,"column":4},"end":{"line":54,"column":5}},"34":{"start":{"line":51,"column":6},"end":{"line":53,"column":9}},"35":{"start":{"line":52,"column":8},"end":{"line":52,"column":85}},"36":{"start":{"line":57,"column":6},"end":{"line":59,"column":64}},"37":{"start":{"line":62,"column":23},"end":{"line":62,"column":33}},"38":{"start":{"line":63,"column":4},"end":{"line":63,"column":49}},"39":{"start":{"line":65,"column":21},"end":{"line":67,"column":5}},"40":{"start":{"line":66,"column":14},"end":{"line":66,"column":49}},"41":{"start":{"line":70,"column":6},"end":{"line":74,"column":16}},"42":{"start":{"line":72,"column":25},"end":{"line":72,"column":86}},"43":{"start":{"line":76,"column":4},"end":{"line":76,"column":42}},"44":{"start":{"line":79,"column":0},"end":{"line":79,"column":42}}},"fnMap":{"0":{"name":"(anonymous_0)","decl":{"start":{"line":1,"column":27},"end":{"line":1,"column":28}},"loc":{"start":{"line":1,"column":40},"end":{"line":15,"column":3}},"line":1},"1":{"name":"(anonymous_1)","decl":{"start":{"line":4,"column":20},"end":{"line":4,"column":21}},"loc":{"start":{"line":4,"column":43},"end":{"line":8,"column":5}},"line":4},"2":{"name":"(anonymous_2)","decl":{"start":{"line":10,"column":38},"end":{"line":10,"column":39}},"loc":{"start":{"line":10,"column":60},"end":{"line":14,"column":5}},"line":10},"3":{"name":"(anonymous_3)","decl":{"start":{"line":17,"column":31},"end":{"line":17,"column":32}},"loc":{"start":{"line":17,"column":45},"end":{"line":77,"column":3}},"line":17},"4":{"name":"(anonymous_4)","decl":{"start":{"line":24,"column":27},"end":{"line":24,"column":28}},"loc":{"start":{"line":24,"column":37},"end":{"line":24,"column":69}},"line":24},"5":{"name":"(anonymous_5)","decl":{"start":{"line":28,"column":52},"end":{"line":28,"column":53}},"loc":{"start":{"line":28,"column":59},"end":{"line":28,"column":79}},"line":28},"6":{"name":"(anonymous_6)","decl":{"start":{"line":38,"column":31},"end":{"line":38,"column":32}},"loc":{"start":{"line":38,"column":39},"end":{"line":38,"column":58}},"line":38},"7":{"name":"(anonymous_7)","decl":{"start":{"line":39,"column":36},"end":{"line":39,"column":37}},"loc":{"start":{"line":39,"column":44},"end":{"line":39,"column":52}},"line":39},"8":{"name":"(anonymous_8)","decl":{"start":{"line":40,"column":36},"end":{"line":40,"column":37}},"loc":{"start":{"line":40,"column":44},"end":{"line":40,"column":53}},"line":40},"9":{"name":"(anonymous_9)","decl":{"start":{"line":45,"column":23},"end":{"line":45,"column":24}},"loc":{"start":{"line":45,"column":31},"end":{"line":47,"column":7}},"line":45},"10":{"name":"(anonymous_10)","decl":{"start":{"line":51,"column":23},"end":{"line":51,"column":24}},"loc":{"start":{"line":51,"column":31},"end":{"line":53,"column":7}},"line":51},"11":{"name":"(anonymous_11)","decl":{"start":{"line":66,"column":6},"end":{"line":66,"column":7}},"loc":{"start":{"line":66,"column":14},"end":{"line":66,"column":49}},"line":66},"12":{"name":"(anonymous_12)","decl":{"start":{"line":72,"column":17},"end":{"line":72,"column":18}},"loc":{"start":{"line":72,"column":25},"end":{"line":72,"column":86}},"line":72}},"branchMap":{"0":{"loc":{"start":{"line":5,"column":6},"end":{"line":5,"column":50}},"type":"if","locations":[{"start":{"line":5,"column":6},"end":{"line":5,"column":50}},{"start":{},"end":{}}],"line":5},"1":{"loc":{"start":{"line":22,"column":4},"end":{"line":25,"column":5}},"type":"if","locations":[{"start":{"line":22,"column":4},"end":{"line":25,"column":5}},{"start":{},"end":{}}],"line":22},"2":{"loc":{"start":{"line":27,"column":4},"end":{"line":30,"column":5}},"type":"if","locations":[{"start":{"line":27,"column":4},"end":{"line":30,"column":5}},{"start":{},"end":{}}],"line":27},"3":{"loc":{"start":{"line":33,"column":6},"end":{"line":35,"column":51}},"type":"cond-expr","locations":[{"start":{"line":34,"column":10},"end":{"line":34,"column":35}},{"start":{"line":35,"column":10},"end":{"line":35,"column":51}}],"line":33},"4":{"loc":{"start":{"line":44,"column":4},"end":{"line":48,"column":5}},"type":"if","locations":[{"start":{"line":44,"column":4},"end":{"line":48,"column":5}},{"start":{},"end":{}}],"line":44},"5":{"loc":{"start":{"line":50,"column":4},"end":{"line":54,"column":5}},"type":"if","locations":[{"start":{"line":50,"column":4},"end":{"line":54,"column":5}},{"start":{},"end":{}}],"line":50},"6":{"loc":{"start":{"line":57,"column":6},"end":{"line":59,"column":64}},"type":"cond-expr","locations":[{"start":{"line":58,"column":10},"end":{"line":58,"column":31}},{"start":{"line":59,"column":10},"end":{"line":59,"column":64}}],"line":57},"7":{"loc":{"start":{"line":70,"column":6},"end":{"line":74,"column":16}},"type":"cond-expr","locations":[{"start":{"line":71,"column":10},"end":{"line":73,"column":23}},{"start":{"line":74,"column":10},"end":{"line":74,"column":16}}],"line":70}},"s":{"0":5,"1":6,"2":6,"3":18,"4":6,"5":18,"6":18,"7":6,"8":6,"9":6,"10":6,"11":5,"12":7,"13":7,"14":7,"15":6,"16":6,"17":6,"18":7,"19":6,"20":6,"21":6,"22":7,"23":7,"24":11,"25":7,"26":11,"27":7,"28":11,"29":7,"30":7,"31":5,"32":5,"33":7,"34":6,"35":6,"36":7,"37":7,"38":7,"39":7,"40":11,"41":7,"42":5,"43":7,"44":5},"f":{"0":6,"1":18,"2":6,"3":7,"4":6,"5":6,"6":11,"7":11,"8":11,"9":5,"10":6,"11":11,"12":5},"b":{"0":[6,12],"1":[6,1],"2":[6,1],"3":[6,1],"4":[5,2],"5":[6,1],"6":[6,1],"7":[5,2]},"_coverageSchema":"1a1c01bbd47fc00a2c39e90264f33305004495a9","hash":"f334609627819f7c8582b67e1b3d22677e574be4"}
,"/Users/karansharma/Desktop/Frontend/practice/standup-tracker/server/services/standupScorer.js": {"path":"/Users/karansharma/Desktop/Frontend/practice/standup-tracker/server/services/standupScorer.js","statementMap":{"0":{"start":{"line":1,"column":13},"end":{"line":1,"column":32}},"1":{"start":{"line":3,"column":13},"end":{"line":3,"column":59}},"2":{"start":{"line":5,"column":22},"end":{"line":47,"column":58}},"3":{"start":{"line":49,"column":21},"end":{"line":116,"column":1}},"4":{"start":{"line":50,"column":22},"end":{"line":59,"column":8}},"5":{"start":{"line":61,"column":19},"end":{"line":70,"column":4}},"6":{"start":{"line":72,"column":14},"end":{"line":72,"column":51}},"7":{"start":{"line":73,"column":2},"end":{"line":73,"column":53}},"8":{"start":{"line":73,"column":12},"end":{"line":73,"column":53}},"9":{"start":{"line":76,"column":17},"end":{"line":76,"column":32}},"10":{"start":{"line":79,"column":25},"end":{"line":91,"column":3}},"11":{"start":{"line":93,"column":2},"end":{"line":97,"column":3}},"12":{"start":{"line":94,"column":4},"end":{"line":96,"column":5}},"13":{"start":{"line":95,"column":6},"end":{"line":95,"column":65}},"14":{"start":{"line":100,"column":2},"end":{"line":100,"column":74}},"15":{"start":{"line":101,"column":2},"end":{"line":101,"column":73}},"16":{"start":{"line":102,"column":2},"end":{"line":105,"column":4}},"17":{"start":{"line":106,"column":2},"end":{"line":109,"column":4}},"18":{"start":{"line":110,"column":2},"end":{"line":113,"column":4}},"19":{"start":{"line":115,"column":2},"end":{"line":115,"column":16}},"20":{"start":{"line":118,"column":0},"end":{"line":118,"column":34}}},"fnMap":{"0":{"name":"(anonymous_0)","decl":{"start":{"line":49,"column":21},"end":{"line":49,"column":22}},"loc":{"start":{"line":49,"column":40},"end":{"line":116,"column":1}},"line":49}},"branchMap":{"0":{"loc":{"start":{"line":52,"column":2},"end":{"line":52,"column":35}},"type":"binary-expr","locations":[{"start":{"line":52,"column":2},"end":{"line":52,"column":19}},{"start":{"line":52,"column":23},"end":{"line":52,"column":35}}],"line":52},"1":{"loc":{"start":{"line":55,"column":2},"end":{"line":55,"column":31}},"type":"binary-expr","locations":[{"start":{"line":55,"column":2},"end":{"line":55,"column":15}},{"start":{"line":55,"column":19},"end":{"line":55,"column":31}}],"line":55},"2":{"loc":{"start":{"line":58,"column":2},"end":{"line":58,"column":34}},"type":"binary-expr","locations":[{"start":{"line":58,"column":2},"end":{"line":58,"column":18}},{"start":{"line":58,"column":22},"end":{"line":58,"column":34}}],"line":58},"3":{"loc":{"start":{"line":73,"column":2},"end":{"line":73,"column":53}},"type":"if","locations":[{"start":{"line":73,"column":2},"end":{"line":73,"column":53}},{"start":{},"end":{}}],"line":73},"4":{"loc":{"start":{"line":94,"column":4},"end":{"line":96,"column":5}},"type":"if","locations":[{"start":{"line":94,"column":4},"end":{"line":96,"column":5}},{"start":{},"end":{}}],"line":94},"5":{"loc":{"start":{"line":94,"column":8},"end":{"line":94,"column":61}},"type":"binary-expr","locations":[{"start":{"line":94,"column":8},"end":{"line":94,"column":35}},{"start":{"line":94,"column":39},"end":{"line":94,"column":61}}],"line":94}},"s":{"0":3,"1":3,"2":3,"3":3,"4":4,"5":4,"6":4,"7":4,"8":0,"9":4,"10":4,"11":4,"12":44,"13":0,"14":4,"15":4,"16":4,"17":4,"18":4,"19":4,"20":3},"f":{"0":4},"b":{"0":[4,0],"1":[4,0],"2":[4,0],"3":[0,4],"4":[0,44],"5":[44,44]},"_coverageSchema":"1a1c01bbd47fc00a2c39e90264f33305004495a9","hash":"ff6b312438de4413dd89213437a57cfd67384b27"}
}
