TN:
SF:middleware/authenticate.js
FN:3,(anonymous_0)
FNF:1
FNH:1
FNDA:23,(anonymous_0)
DA:1,5
DA:3,5
DA:4,23
DA:6,23
DA:7,3
DA:10,20
DA:11,20
DA:12,16
DA:13,16
DA:15,4
DA:19,5
LF:11
LH:11
BRDA:6,0,0,3
BRDA:6,0,1,20
BRF:2
BRH:2
end_of_record
TN:
SF:middleware/rateLimiter.js
FN:7,(anonymous_0)
FN:9,(anonymous_1)
FN:21,(anonymous_2)
FN:43,(anonymous_3)
FN:51,(anonymous_4)
FNF:5
FNH:0
FNDA:0,(anonymous_0)
FNDA:0,(anonymous_1)
FNDA:0,(anonymous_2)
FNDA:0,(anonymous_3)
FNDA:0,(anonymous_4)
DA:1,0
DA:2,0
DA:3,0
DA:4,0
DA:7,0
DA:8,0
DA:9,0
DA:14,0
DA:21,0
DA:26,0
DA:36,0
DA:43,0
DA:48,0
DA:51,0
DA:55,0
LF:15
LH:0
BRDA:2,0,0,0
BRDA:2,0,1,0
BRDA:43,1,0,0
BRDA:43,1,1,0
BRF:4
BRH:0
end_of_record
TN:
SF:middleware/requestLogger.js
FN:1,(anonymous_0)
FN:5,(anonymous_1)
FNF:2
FNH:0
FNDA:0,(anonymous_0)
FNDA:0,(anonymous_1)
DA:1,0
DA:2,0
DA:3,0
DA:5,0
DA:6,0
DA:7,0
DA:10,0
DA:15,0
DA:19,0
DA:20,0
DA:24,0
DA:27,0
LF:12
LH:0
BRDA:10,0,0,0
BRDA:10,0,1,0
BRDA:11,1,0,0
BRDA:11,1,1,0
BRDA:12,2,0,0
BRDA:12,2,1,0
BRDA:19,3,0,0
BRDA:19,3,1,0
BRF:8
BRH:0
end_of_record
TN:
SF:middleware/requestMetrics.js
FN:5,(anonymous_0)
FN:11,(anonymous_1)
FNF:2
FNH:0
FNDA:0,(anonymous_0)
FNDA:0,(anonymous_1)
DA:1,0
DA:2,0
DA:3,0
DA:5,0
DA:6,0
DA:7,0
DA:9,0
DA:11,0
DA:12,0
DA:13,0
DA:15,0
DA:19,0
DA:26,0
DA:27,0
DA:29,0
DA:30,0
DA:34,0
DA:45,0
DA:46,0
DA:47,0
DA:48,0
DA:49,0
DA:50,0
DA:52,0
DA:56,0
DA:59,0
LF:26
LH:0
BRDA:15,0,0,0
BRDA:15,0,1,0
BRDA:29,1,0,0
BRDA:29,1,1,0
BRDA:45,2,0,0
BRDA:45,2,1,0
BRDA:47,3,0,0
BRDA:47,3,1,0
BRDA:49,4,0,0
BRDA:49,4,1,0
BRF:10
BRH:0
end_of_record
TN:
SF:middleware/security.js
FN:17,(anonymous_0)
FNF:1
FNH:0
FNDA:0,(anonymous_0)
DA:1,4
DA:2,4
DA:4,4
DA:14,4
DA:18,0
DA:19,0
DA:23,4
LF:7
LH:5
BRDA:18,0,0,0
BRDA:18,0,1,0
BRF:2
BRH:0
end_of_record
TN:
SF:routes/auth.js
FN:6,(anonymous_0)
FN:15,(anonymous_1)
FN:76,(anonymous_2)
FN:82,(anonymous_3)
FNF:4
FNH:2
FNDA:0,(anonymous_0)
FNDA:0,(anonymous_1)
FNDA:1,(anonymous_2)
FNDA:2,(anonymous_3)
DA:1,4
DA:2,4
DA:3,4
DA:4,4
DA:6,4
DA:7,0
DA:11,0
DA:15,4
DA:16,0
DA:18,0
DA:19,0
DA:32,0
DA:33,0
DA:35,0
DA:37,0
DA:43,0
DA:45,0
DA:54,0
DA:56,0
DA:60,0
DA:68,0
DA:70,0
DA:71,0
DA:76,4
DA:77,1
DA:78,1
DA:82,4
DA:83,2
DA:84,2
DA:86,1
DA:87,1
DA:88,1
DA:92,1
DA:93,1
DA:95,0
DA:99,4
LF:36
LH:18
BRDA:35,0,0,0
BRDA:35,0,1,0
BRDA:62,1,0,0
BRDA:62,1,1,0
BRDA:84,2,0,1
BRDA:84,2,1,1
BRDA:92,3,0,0
BRDA:92,3,1,1
BRF:8
BRH:3
end_of_record
TN:
SF:routes/heatmap.js
FN:10,(anonymous_0)
FN:22,(anonymous_1)
FN:61,(anonymous_2)
FN:69,(anonymous_3)
FN:74,(anonymous_4)
FN:79,(anonymous_5)
FN:97,(anonymous_6)
FN:98,(anonymous_7)
FN:122,(anonymous_8)
FNF:9
FNH:0
FNDA:0,(anonymous_0)
FNDA:0,(anonymous_1)
FNDA:0,(anonymous_2)
FNDA:0,(anonymous_3)
FNDA:0,(anonymous_4)
FNDA:0,(anonymous_5)
FNDA:0,(anonymous_6)
FNDA:0,(anonymous_7)
FNDA:0,(anonymous_8)
DA:1,0
DA:2,0
DA:3,0
DA:4,0
DA:6,0
DA:8,0
DA:10,0
DA:11,0
DA:18,0
DA:19,0
DA:22,0
DA:23,0
DA:24,0
DA:25,0
DA:26,0
DA:28,0
DA:33,0
DA:35,0
DA:38,0
DA:39,0
DA:40,0
DA:43,0
DA:59,0
DA:61,0
DA:62,0
DA:63,0
DA:65,0
DA:66,0
DA:69,0
DA:70,0
DA:71,0
DA:74,0
DA:75,0
DA:76,0
DA:79,0
DA:80,0
DA:81,0
DA:85,0
DA:86,0
DA:87,0
DA:88,0
DA:89,0
DA:90,0
DA:97,0
DA:98,0
DA:101,0
DA:102,0
DA:103,0
DA:105,0
DA:106,0
DA:107,0
DA:108,0
DA:110,0
DA:115,0
DA:116,0
DA:117,0
DA:121,0
DA:122,0
DA:126,0
DA:137,0
DA:138,0
DA:140,0
DA:141,0
DA:145,0
LF:64
LH:0
BRDA:18,0,0,0
BRDA:18,0,1,0
BRDA:26,1,0,0
BRDA:26,1,1,0
BRDA:33,2,0,0
BRDA:33,2,1,0
BRDA:62,3,0,0
BRDA:62,3,1,0
BRDA:69,4,0,0
BRDA:69,4,1,0
BRDA:74,5,0,0
BRDA:74,5,1,0
BRDA:79,6,0,0
BRDA:79,6,1,0
BRDA:92,7,0,0
BRDA:92,7,1,0
BRDA:106,8,0,0
BRDA:106,8,1,0
BRDA:108,9,0,0
BRDA:108,9,1,0
BRDA:116,10,0,0
BRDA:116,10,1,0
BRDA:122,11,0,0
BRDA:122,11,1,0
BRF:24
BRH:0
end_of_record
TN:
SF:routes/journals.js
FN:7,(anonymous_0)
FN:19,(anonymous_1)
FN:38,(anonymous_2)
FNF:3
FNH:0
FNDA:0,(anonymous_0)
FNDA:0,(anonymous_1)
FNDA:0,(anonymous_2)
DA:1,0
DA:2,0
DA:3,0
DA:5,0
DA:7,0
DA:8,0
DA:9,0
DA:13,0
DA:15,0
DA:19,0
DA:20,0
DA:22,0
DA:23,0
DA:32,0
DA:34,0
DA:38,0
DA:39,0
DA:40,0
DA:47,0
DA:49,0
DA:53,0
LF:21
LH:0
BRDA:13,0,0,0
BRDA:13,0,1,0
BRDA:29,1,0,0
BRDA:29,1,1,0
BRF:4
BRH:0
end_of_record
TN:
SF:routes/notifications.js
FN:8,(anonymous_0)
FN:24,(anonymous_1)
FN:36,(anonymous_2)
FN:49,(anonymous_3)
FNF:4
FNH:0
FNDA:0,(anonymous_0)
FNDA:0,(anonymous_1)
FNDA:0,(anonymous_2)
FNDA:0,(anonymous_3)
DA:1,4
DA:2,4
DA:3,4
DA:5,4
DA:8,4
DA:9,0
DA:10,0
DA:17,0
DA:19,0
DA:24,4
DA:25,0
DA:26,0
DA:30,0
DA:32,0
DA:36,4
DA:37,0
DA:38,0
DA:42,0
DA:44,0
DA:49,4
DA:50,0
DA:51,0
DA:55,0
DA:57,0
DA:61,4
LF:25
LH:9
BRF:0
BRH:0
end_of_record
TN:
SF:routes/sessions.js
FN:8,(anonymous_0)
FN:25,(anonymous_1)
FN:79,(anonymous_2)
FNF:3
FNH:2
FNDA:2,(anonymous_0)
FNDA:1,(anonymous_1)
FNDA:0,(anonymous_2)
DA:1,4
DA:2,4
DA:3,4
DA:5,4
DA:8,4
DA:9,2
DA:11,2
DA:12,2
DA:18,2
DA:20,0
DA:25,4
DA:26,1
DA:27,1
DA:40,1
DA:50,1
DA:69,1
DA:75,0
DA:79,4
DA:80,0
DA:81,0
DA:88,0
DA:90,0
DA:94,4
LF:23
LH:17
BRDA:16,0,0,2
BRDA:16,0,1,1
BRDA:16,1,0,2
BRDA:16,1,1,1
BRDA:72,2,0,1
BRDA:72,2,1,0
BRF:6
BRH:5
end_of_record
TN:
SF:routes/settings.js
FN:8,(anonymous_0)
FN:21,(anonymous_1)
FNF:2
FNH:0
FNDA:0,(anonymous_0)
FNDA:0,(anonymous_1)
DA:1,4
DA:2,4
DA:3,4
DA:5,4
DA:8,4
DA:9,0
DA:10,0
DA:14,0
DA:16,0
DA:21,4
DA:22,0
DA:24,0
DA:25,0
DA:29,0
DA:31,0
DA:35,4
LF:16
LH:7
BRF:0
BRH:0
end_of_record
TN:
SF:routes/standup.js
FN:11,(anonymous_0)
FN:22,(anonymous_1)
FN:38,(anonymous_2)
FN:73,(anonymous_3)
FN:110,(anonymous_4)
FN:128,(anonymous_5)
FNF:6
FNH:4
FNDA:0,(anonymous_0)
FNDA:4,(anonymous_1)
FNDA:4,(anonymous_2)
FNDA:4,(anonymous_3)
FNDA:4,(anonymous_4)
FNDA:0,(anonymous_5)
DA:1,4
DA:2,4
DA:3,4
DA:4,4
DA:5,4
DA:6,4
DA:7,4
DA:9,4
DA:11,4
DA:12,0
DA:13,0
DA:14,0
DA:15,0
DA:17,0
DA:18,0
DA:22,4
DA:23,4
DA:24,4
DA:31,4
DA:33,0
DA:38,4
DA:39,4
DA:41,4
DA:43,4
DA:52,4
DA:55,4
DA:56,0
DA:60,0
DA:61,0
DA:62,0
DA:63,0
DA:64,0
DA:66,0
DA:72,4
DA:73,4
DA:74,4
DA:75,4
DA:78,4
DA:98,4
DA:100,0
DA:104,4
DA:106,0
DA:110,4
DA:111,4
DA:112,4
DA:121,4
DA:123,0
DA:128,4
DA:129,0
DA:130,0
DA:146,0
DA:148,0
DA:152,4
LF:53
LH:32
BRDA:31,0,0,4
BRDA:31,0,1,3
BRDA:49,1,0,4
BRDA:49,1,1,4
BRDA:55,2,0,0
BRDA:55,2,1,4
BRDA:61,3,0,0
BRDA:61,3,1,0
BRF:8
BRH:5
end_of_record
TN:
SF:services/githubService.js
FN:12,(anonymous_0)
FN:28,(anonymous_1)
FN:41,(anonymous_2)
FN:47,(anonymous_3)
FN:91,(anonymous_4)
FN:97,(anonymous_5)
FN:105,(anonymous_6)
FNF:7
FNH:0
FNDA:0,(anonymous_0)
FNDA:0,(anonymous_1)
FNDA:0,(anonymous_2)
FNDA:0,(anonymous_3)
FNDA:0,(anonymous_4)
FNDA:0,(anonymous_5)
FNDA:0,(anonymous_6)
DA:1,4
DA:2,4
DA:7,4
DA:8,4
DA:10,4
DA:12,4
DA:13,0
DA:14,0
DA:15,0
DA:23,0
DA:24,0
DA:25,0
DA:27,0
DA:28,0
DA:29,0
DA:32,0
DA:34,0
DA:35,0
DA:36,0
DA:37,0
DA:41,4
DA:42,0
DA:43,0
DA:44,0
DA:47,4
DA:48,0
DA:50,0
DA:51,0
DA:52,0
DA:53,0
DA:54,0
DA:57,0
DA:59,0
DA:65,0
DA:67,0
DA:68,0
DA:70,0
DA:72,0
DA:90,0
DA:91,0
DA:97,0
DA:105,0
DA:114,0
DA:115,0
DA:117,0
DA:125,0
DA:128,4
LF:47
LH:9
BRDA:12,0,0,0
BRDA:23,1,0,0
BRDA:23,1,1,0
BRDA:27,2,0,0
BRDA:27,2,1,0
BRDA:29,3,0,0
BRDA:29,3,1,0
BRDA:51,4,0,0
BRDA:51,4,1,0
BRDA:65,5,0,0
BRDA:65,5,1,0
BRDA:91,6,0,0
BRDA:91,6,1,0
BRDA:97,7,0,0
BRDA:97,7,1,0
BRDA:102,8,0,0
BRDA:102,8,1,0
BRDA:105,9,0,0
BRDA:105,9,1,0
BRF:19
BRH:0
end_of_record
TN:
SF:services/prReminderService.js
FN:7,(anonymous_0)
FN:19,(anonymous_1)
FN:30,(anonymous_2)
FN:39,(anonymous_3)
FN:45,(anonymous_4)
FN:54,(anonymous_5)
FN:72,(anonymous_6)
FN:107,(anonymous_7)
FN:116,(anonymous_8)
FNF:9
FNH:0
FNDA:0,(anonymous_0)
FNDA:0,(anonymous_1)
FNDA:0,(anonymous_2)
FNDA:0,(anonymous_3)
FNDA:0,(anonymous_4)
FNDA:0,(anonymous_5)
FNDA:0,(anonymous_6)
FNDA:0,(anonymous_7)
FNDA:0,(anonymous_8)
DA:1,0
DA:2,0
DA:3,0
DA:5,0
DA:7,0
DA:8,0
DA:15,0
DA:16,0
DA:19,0
DA:20,0
DA:21,0
DA:22,0
DA:25,0
DA:30,0
DA:39,0
DA:40,0
DA:41,0
DA:42,0
DA:45,0
DA:46,0
DA:47,0
DA:48,0
DA:49,0
DA:50,0
DA:51,0
DA:54,0
DA:55,0
DA:69,0
DA:72,0
DA:73,0
DA:75,0
DA:76,0
DA:80,0
DA:81,0
DA:82,0
DA:84,0
DA:86,0
DA:88,0
DA:89,0
DA:90,0
DA:91,0
DA:92,0
DA:94,0
DA:97,0
DA:100,0
DA:101,0
DA:105,0
DA:106,0
DA:107,0
DA:110,0
DA:112,0
DA:116,0
DA:119,0
DA:121,0
DA:125,0
DA:129,0
LF:56
LH:0
BRDA:15,0,0,0
BRDA:15,0,1,0
BRDA:30,1,0,0
BRDA:30,1,1,0
BRDA:84,2,0,0
BRDA:84,2,1,0
BRDA:90,3,0,0
BRDA:90,3,1,0
BRDA:97,4,0,0
BRDA:97,4,1,0
BRDA:100,5,0,0
BRDA:100,5,1,0
BRDA:105,6,0,0
BRDA:105,6,1,0
BRF:14
BRH:0
end_of_record
TN:
SF:services/slackService.js
FN:1,(anonymous_0)
FNF:1
FNH:0
FNDA:0,(anonymous_0)
DA:1,4
DA:2,0
DA:20,0
DA:26,0
DA:27,0
DA:30,0
DA:33,4
LF:7
LH:2
BRDA:12,0,0,0
BRDA:12,0,1,0
BRDA:15,1,0,0
BRDA:15,1,1,0
BRDA:18,2,0,0
BRDA:18,2,1,0
BRDA:26,3,0,0
BRDA:26,3,1,0
BRF:8
BRH:0
end_of_record
TN:
SF:services/standupGenerator.js
FN:1,(anonymous_0)
FN:4,(anonymous_1)
FN:10,(anonymous_2)
FN:17,(anonymous_3)
FN:24,(anonymous_4)
FN:28,(anonymous_5)
FN:38,(anonymous_6)
FN:39,(anonymous_7)
FN:40,(anonymous_8)
FN:45,(anonymous_9)
FN:51,(anonymous_10)
FN:66,(anonymous_11)
FN:72,(anonymous_12)
FNF:13
FNH:13
FNDA:6,(anonymous_0)
FNDA:18,(anonymous_1)
FNDA:6,(anonymous_2)
FNDA:7,(anonymous_3)
FNDA:6,(anonymous_4)
FNDA:6,(anonymous_5)
FNDA:11,(anonymous_6)
FNDA:11,(anonymous_7)
FNDA:11,(anonymous_8)
FNDA:5,(anonymous_9)
FNDA:6,(anonymous_10)
FNDA:11,(anonymous_11)
FNDA:5,(anonymous_12)
DA:1,5
DA:2,6
DA:4,6
DA:5,18
DA:6,18
DA:7,18
DA:10,6
DA:11,6
DA:12,6
DA:13,6
DA:17,5
DA:18,7
DA:20,7
DA:22,7
DA:23,6
DA:24,6
DA:27,7
DA:28,6
DA:29,6
DA:33,7
DA:38,11
DA:39,11
DA:40,11
DA:42,7
DA:44,7
DA:45,5
DA:46,5
DA:50,7
DA:51,6
DA:52,6
DA:57,7
DA:62,7
DA:63,7
DA:65,7
DA:66,11
DA:70,7
DA:72,5
DA:76,7
DA:79,5
LF:39
LH:39
BRDA:5,0,0,6
BRDA:5,0,1,12
BRDA:22,1,0,6
BRDA:22,1,1,1
BRDA:27,2,0,6
BRDA:27,2,1,1
BRDA:33,3,0,6
BRDA:33,3,1,1
BRDA:44,4,0,5
BRDA:44,4,1,2
BRDA:50,5,0,6
BRDA:50,5,1,1
BRDA:57,6,0,6
BRDA:57,6,1,1
BRDA:70,7,0,5
BRDA:70,7,1,2
BRF:16
BRH:16
end_of_record
TN:
SF:services/standupScorer.js
FN:49,(anonymous_0)
FNF:1
FNH:1
FNDA:4,(anonymous_0)
DA:1,3
DA:3,3
DA:5,3
DA:49,3
DA:50,4
DA:61,4
DA:72,4
DA:73,4
DA:76,4
DA:79,4
DA:93,4
DA:94,44
DA:95,0
DA:100,4
DA:101,4
DA:102,4
DA:106,4
DA:110,4
DA:115,4
DA:118,3
LF:20
LH:19
BRDA:52,0,0,4
BRDA:52,0,1,0
BRDA:55,1,0,4
BRDA:55,1,1,0
BRDA:58,2,0,4
BRDA:58,2,1,0
BRDA:73,3,0,0
BRDA:73,3,1,4
BRDA:94,4,0,0
BRDA:94,4,1,44
BRDA:94,5,0,44
BRDA:94,5,1,44
BRF:12
BRH:7
end_of_record
